<?xml version="1.0" encoding="UTF-8"?>
<!-- Generated by org.testng.reporters.JUnitXMLReporter -->
<testsuite ignored="37" hostname="Pebbles" failures="1" tests="1" name="Default test" time="23.302" errors="0" timestamp="2023-02-15T17:59:09 EST">
  <testcase classname="com.salesforcetest.SalesforceTestAutomation" name="blockingEventInWeeklyResurrancerTc37" time="13.388">
    <failure type="org.openqa.selenium.NoSuchElementException" message="no such element: Unable to locate element: {&amp;quot;method&amp;quot;:&amp;quot;css selector&amp;quot;,&amp;quot;selector&amp;quot;:&amp;quot;#tryLexDialogX&amp;quot;}
  (Session info: chrome=109.0.5414.122)
For documentation on this error, please visit: https://www.seleniumhq.org/exceptions/no_such_element.html
Build info: version: &amp;apos;3.141.59&amp;apos;, revision: &amp;apos;e82be7d358&amp;apos;, time: &amp;apos;2018-11-14T08:17:03&amp;apos;
System info: host: &amp;apos;PEBBLES&amp;apos;, ip: &amp;apos;192.168.1.171&amp;apos;, os.name: &amp;apos;Windows 11&amp;apos;, os.arch: &amp;apos;amd64&amp;apos;, os.version: &amp;apos;10.0&amp;apos;, java.version: &amp;apos;18.0.2&amp;apos;
Driver info: org.openqa.selenium.chrome.ChromeDriver
Capabilities {acceptInsecureCerts: false, browserName: chrome, browserVersion: 109.0.5414.122, chrome: {chromedriverVersion: 109.0.5414.74 (e7c5703604da..., userDataDir: C:\Users\agmarc80\AppData\L...}, goog:chromeOptions: {debuggerAddress: localhost:57621}, javascriptEnabled: true, networkConnectionEnabled: false, pageLoadStrategy: normal, platform: WINDOWS, platformName: WINDOWS, proxy: Proxy(), setWindowRect: true, strictFileInteractability: false, timeouts: {implicit: 0, pageLoad: 300000, script: 30000}, unhandledPromptBehavior: dismiss and notify, webauthn:extension:credBlob: true, webauthn:extension:largeBlob: true, webauthn:virtualAuthenticators: true}
Session ID: b24ddad07600a5eaac733e4214c5c3b8
*** Element info: {Using=id, value=tryLexDialogX}">
      <![CDATA[org.openqa.selenium.NoSuchElementException: no such element: Unable to locate element: {"method":"css selector","selector":"#tryLexDialogX"}
  (Session info: chrome=109.0.5414.122)
For documentation on this error, please visit: https://www.seleniumhq.org/exceptions/no_such_element.html
Build info: version: '3.141.59', revision: 'e82be7d358', time: '2018-11-14T08:17:03'
System info: host: 'PEBBLES', ip: '192.168.1.171', os.name: 'Windows 11', os.arch: 'amd64', os.version: '10.0', java.version: '18.0.2'
Driver info: org.openqa.selenium.chrome.ChromeDriver
Capabilities {acceptInsecureCerts: false, browserName: chrome, browserVersion: 109.0.5414.122, chrome: {chromedriverVersion: 109.0.5414.74 (e7c5703604da..., userDataDir: C:\Users\agmarc80\AppData\L...}, goog:chromeOptions: {debuggerAddress: localhost:57621}, javascriptEnabled: true, networkConnectionEnabled: false, pageLoadStrategy: normal, platform: WINDOWS, platformName: WINDOWS, proxy: Proxy(), setWindowRect: true, strictFileInteractability: false, timeouts: {implicit: 0, pageLoad: 300000, script: 30000}, unhandledPromptBehavior: dismiss and notify, webauthn:extension:credBlob: true, webauthn:extension:largeBlob: true, webauthn:virtualAuthenticators: true}
Session ID: b24ddad07600a5eaac733e4214c5c3b8
*** Element info: {Using=id, value=tryLexDialogX}
at java.base/jdk.internal.reflect.DirectConstructorHandleAccessor.newInstance(DirectConstructorHandleAccessor.java:67)
at java.base/java.lang.reflect.Constructor.newInstanceWithCaller(Constructor.java:499)
at java.base/java.lang.reflect.Constructor.newInstance(Constructor.java:483)
at org.openqa.selenium.remote.http.W3CHttpResponseCodec.createException(W3CHttpResponseCodec.java:187)
at org.openqa.selenium.remote.http.W3CHttpResponseCodec.decode(W3CHttpResponseCodec.java:122)
at org.openqa.selenium.remote.http.W3CHttpResponseCodec.decode(W3CHttpResponseCodec.java:49)
at org.openqa.selenium.remote.HttpCommandExecutor.execute(HttpCommandExecutor.java:158)
at org.openqa.selenium.remote.service.DriverCommandExecutor.execute(DriverCommandExecutor.java:83)
at org.openqa.selenium.remote.RemoteWebDriver.execute(RemoteWebDriver.java:552)
at org.openqa.selenium.remote.RemoteWebDriver.findElement(RemoteWebDriver.java:323)
at org.openqa.selenium.remote.RemoteWebDriver.findElementById(RemoteWebDriver.java:372)
at org.openqa.selenium.By$ById.findElement(By.java:188)
at org.openqa.selenium.remote.RemoteWebDriver.findElement(RemoteWebDriver.java:315)
at com.salesforcetest.SalesforceTestAutomation.blockingEventInWeeklyResurrancerTc37(SalesforceTestAutomation.java:1264)
at java.base/jdk.internal.reflect.DirectMethodHandleAccessor.invoke(DirectMethodHandleAccessor.java:104)
at java.base/java.lang.reflect.Method.invoke(Method.java:577)
at org.testng.internal.MethodInvocationHelper.invokeMethod(MethodInvocationHelper.java:133)
at org.testng.internal.TestInvoker.invokeMethod(TestInvoker.java:598)
at org.testng.internal.TestInvoker.invokeTestMethod(TestInvoker.java:173)
at org.testng.internal.MethodRunner.runInSequence(MethodRunner.java:46)
at org.testng.internal.TestInvoker$MethodInvocationAgent.invoke(TestInvoker.java:824)
at org.testng.internal.TestInvoker.invokeTestMethods(TestInvoker.java:146)
at org.testng.internal.TestMethodWorker.invokeTestMethods(TestMethodWorker.java:146)
at org.testng.internal.TestMethodWorker.run(TestMethodWorker.java:128)
at java.base/java.util.ArrayList.forEach(ArrayList.java:1511)
at org.testng.TestRunner.privateRun(TestRunner.java:794)
at org.testng.TestRunner.run(TestRunner.java:596)
at org.testng.SuiteRunner.runTest(SuiteRunner.java:377)
at org.testng.SuiteRunner.runSequentially(SuiteRunner.java:371)
at org.testng.SuiteRunner.privateRun(SuiteRunner.java:332)
at org.testng.SuiteRunner.run(SuiteRunner.java:276)
at org.testng.SuiteRunnerWorker.runSuite(SuiteRunnerWorker.java:53)
at org.testng.SuiteRunnerWorker.run(SuiteRunnerWorker.java:96)
at org.testng.TestNG.runSuitesSequentially(TestNG.java:1212)
at org.testng.TestNG.runSuitesLocally(TestNG.java:1134)
at org.testng.TestNG.runSuites(TestNG.java:1063)
at org.testng.TestNG.run(TestNG.java:1031)
at org.testng.remote.AbstractRemoteTestNG.run(AbstractRemoteTestNG.java:115)
at org.testng.remote.RemoteTestNG.initAndRun(RemoteTestNG.java:251)
at org.testng.remote.RemoteTestNG.main(RemoteTestNG.java:77)
]]>
    </failure>
  </testcase> <!-- blockingEventInWeeklyResurrancerTc37 -->
  <testcase classname="com.salesforcetest.SalesforceTestAutomation" name="mergeAccountsTc13" time="0.0">
    <ignored/>
  </testcase> <!-- mergeAccountsTc13 -->
  <testcase classname="com.salesforcetest.SalesforceTestAutomation" name="newButtonOnLeadsTc24" time="0.0">
    <ignored/>
  </testcase> <!-- newButtonOnLeadsTc24 -->
  <testcase classname="com.salesforcetest.SalesforceTestAutomation" name="leadsTabTc20" time="0.0">
    <ignored/>
  </testcase> <!-- leadsTabTc20 -->
  <testcase classname="com.salesforcetest.SalesforceTestAutomation" name="testQuarterlySummaryReportTc19" time="0.0">
    <ignored/>
  </testcase> <!-- testQuarterlySummaryReportTc19 -->
  <testcase classname="com.salesforcetest.SalesforceTestAutomation" name="createNewViewIncontactTc26" time="0.0">
    <ignored/>
  </testcase> <!-- createNewViewIncontactTc26 -->
  <testcase classname="com.salesforcetest.SalesforceTestAutomation" name="recentlyCreatedcontactTc27" time="0.0">
    <ignored/>
  </testcase> <!-- recentlyCreatedcontactTc27 -->
  <testcase classname="com.salesforcetest.SalesforceTestAutomation" name="createAccountTc10" time="0.0">
    <ignored/>
  </testcase> <!-- createAccountTc10 -->
  <testcase classname="com.salesforcetest.SalesforceTestAutomation" name="logout9" time="0.0">
    <ignored/>
  </testcase> <!-- logout9 -->
  <testcase classname="com.salesforcetest.SalesforceTestAutomation" name="todaysLeadsTc23" time="0.0">
    <ignored/>
  </testcase> <!-- todaysLeadsTc23 -->
  <testcase classname="com.salesforcetest.SalesforceTestAutomation" name="oppurtunityDropDownTc15" time="0.0">
    <ignored/>
  </testcase> <!-- oppurtunityDropDownTc15 -->
  <testcase classname="com.salesforcetest.SalesforceTestAutomation" name="defaultViewinLeadsTc22" time="0.0">
    <ignored/>
  </testcase> <!-- defaultViewinLeadsTc22 -->
  <testcase classname="com.salesforcetest.SalesforceTestAutomation" name="verifyTabCustomizationTc35" time="0.0">
    <ignored/>
  </testcase> <!-- verifyTabCustomizationTc35 -->
  <testcase classname="com.salesforcetest.SalesforceTestAutomation" name="cancelinCreateNewViewTc31" time="0.0">
    <ignored/>
  </testcase> <!-- cancelinCreateNewViewTc31 -->
  <testcase classname="com.salesforcetest.SalesforceTestAutomation" name="createNewOptyTc16" time="0.0">
    <ignored/>
  </testcase> <!-- createNewOptyTc16 -->
  <testcase classname="com.salesforcetest.SalesforceTestAutomation" name="salesforceLoginErrorTc1" time="0.0">
    <ignored/>
  </testcase> <!-- salesforceLoginErrorTc1 -->
  <testcase classname="com.salesforcetest.SalesforceTestAutomation" name="contactNameInRecentContacs29" time="0.0">
    <ignored/>
  </testcase> <!-- contactNameInRecentContacs29 -->
  <testcase classname="com.salesforcetest.SalesforceTestAutomation" name="editViewTc12" time="0.0">
    <ignored/>
  </testcase> <!-- editViewTc12 -->
  <testcase classname="com.salesforcetest.SalesforceTestAutomation" name="optyyPipelineReportTc17" time="0.0">
    <ignored/>
  </testcase> <!-- optyyPipelineReportTc17 -->
  <testcase classname="com.salesforcetest.SalesforceTestAutomation" name="saveAndNewInContactsTc32" time="0.0">
    <ignored/>
  </testcase> <!-- saveAndNewInContactsTc32 -->
  <testcase classname="com.salesforcetest.SalesforceTestAutomation" name="createAccountReportTc14" time="0.0">
    <ignored/>
  </testcase> <!-- createAccountReportTc14 -->
  <testcase classname="com.salesforcetest.SalesforceTestAutomation" name="usermenuDropDownTc5" time="0.0">
    <ignored/>
  </testcase> <!-- usermenuDropDownTc5 -->
  <testcase classname="com.salesforcetest.SalesforceTestAutomation" name="leadsDropdown21" time="0.0">
    <ignored/>
  </testcase> <!-- leadsDropdown21 -->
  <testcase classname="com.salesforcetest.SalesforceTestAutomation" name="checkerrorMessageinContacs30" time="0.0">
    <ignored/>
  </testcase> <!-- checkerrorMessageinContacs30 -->
  <testcase classname="com.salesforcetest.SalesforceTestAutomation" name="editedLasttnameTc34" time="0.0">
    <ignored/>
  </testcase> <!-- editedLasttnameTc34 -->
  <testcase classname="com.salesforcetest.SalesforceTestAutomation" name="forgotPasswordTc4" time="0.0">
    <ignored/>
  </testcase> <!-- forgotPasswordTc4 -->
  <testcase classname="com.salesforcetest.SalesforceTestAutomation" name="myContactsViewInTheCorrectPage28" time="0.0">
    <ignored/>
  </testcase> <!-- myContactsViewInTheCorrectPage28 -->
  <testcase classname="com.salesforcetest.SalesforceTestAutomation" name="myprofile6" time="0.0">
    <ignored/>
  </testcase> <!-- myprofile6 -->
  <testcase classname="com.salesforcetest.SalesforceTestAutomation" name="mysettings7" time="0.0">
    <ignored/>
  </testcase> <!-- mysettings7 -->
  <testcase classname="com.salesforcetest.SalesforceTestAutomation" name="forgotPasswordTc4a" time="0.0">
    <ignored/>
  </testcase> <!-- forgotPasswordTc4a -->
  <testcase classname="com.salesforcetest.SalesforceTestAutomation" name="createNewViewinAccounTc11" time="0.0">
    <ignored/>
  </testcase> <!-- createNewViewinAccounTc11 -->
  <testcase classname="com.salesforcetest.SalesforceTestAutomation" name="verifyFirstnameTc33" time="0.0">
    <ignored/>
  </testcase> <!-- verifyFirstnameTc33 -->
  <testcase classname="com.salesforcetest.SalesforceTestAutomation" name="salesforceLoginTc2" time="0.0">
    <ignored/>
  </testcase> <!-- salesforceLoginTc2 -->
  <testcase classname="com.salesforcetest.SalesforceTestAutomation" name="createNewcontactTc25" time="0.0">
    <ignored/>
  </testcase> <!-- createNewcontactTc25 -->
  <testcase classname="com.salesforcetest.SalesforceTestAutomation" name="stuckOptsReportTc18" time="0.0">
    <ignored/>
  </testcase> <!-- stuckOptsReportTc18 -->
  <testcase classname="com.salesforcetest.SalesforceTestAutomation" name="developerConsoleTc8" time="0.0">
    <ignored/>
  </testcase> <!-- developerConsoleTc8 -->
  <testcase classname="com.salesforcetest.SalesforceTestAutomation" name="blockingEventInTheCalenderTc36" time="0.0">
    <ignored/>
  </testcase> <!-- blockingEventInTheCalenderTc36 -->
  <testcase classname="com.salesforcetest.SalesforceTestAutomation" name="rememberMeTc3" time="0.0">
    <ignored/>
  </testcase> <!-- rememberMeTc3 -->
</testsuite> <!-- Default test -->
