<?xml version="1.0" encoding="UTF-8"?>
<!-- Generated by org.testng.reporters.JUnitXMLReporter -->
<testsuite ignored="0" hostname="Pebbles" failures="3" tests="33" name="chromeTests" time="719.779" errors="0" timestamp="2023-02-12T19:08:24 EST">
  <testcase classname="com.salesforcetest.SalesforceTestAutomation" name="cancelinCreateNewViewTc31" time="18.927"/>
  <testcase classname="com.salesforcetest.SalesforceTestAutomation" name="checkerrorMessageinContacs30" time="13.884">
    <failure type="org.openqa.selenium.NoSuchElementException" message="no such element: Unable to locate element: {&amp;quot;method&amp;quot;:&amp;quot;css selector&amp;quot;,&amp;quot;selector&amp;quot;:&amp;quot;#tryLexDialogX&amp;quot;}
  (Session info: chrome=109.0.5414.120)
For documentation on this error, please visit: https://www.seleniumhq.org/exceptions/no_such_element.html
Build info: version: &amp;apos;3.141.59&amp;apos;, revision: &amp;apos;e82be7d358&amp;apos;, time: &amp;apos;2018-11-14T08:17:03&amp;apos;
System info: host: &amp;apos;PEBBLES&amp;apos;, ip: &amp;apos;192.168.1.171&amp;apos;, os.name: &amp;apos;Windows 11&amp;apos;, os.arch: &amp;apos;amd64&amp;apos;, os.version: &amp;apos;10.0&amp;apos;, java.version: &amp;apos;18.0.2&amp;apos;
Driver info: org.openqa.selenium.chrome.ChromeDriver
Capabilities {acceptInsecureCerts: false, browserName: chrome, browserVersion: 109.0.5414.120, chrome: {chromedriverVersion: 109.0.5414.74 (e7c5703604da..., userDataDir: C:\Users\agmarc80\AppData\L...}, goog:chromeOptions: {debuggerAddress: localhost:60365}, javascriptEnabled: true, networkConnectionEnabled: false, pageLoadStrategy: normal, platform: WINDOWS, platformName: WINDOWS, proxy: Proxy(), setWindowRect: true, strictFileInteractability: false, timeouts: {implicit: 0, pageLoad: 300000, script: 30000}, unhandledPromptBehavior: dismiss and notify, webauthn:extension:credBlob: true, webauthn:extension:largeBlob: true, webauthn:virtualAuthenticators: true}
Session ID: d5638f5d983ded79b4baef772a6c1e79
*** Element info: {Using=id, value=tryLexDialogX}">
      <![CDATA[org.openqa.selenium.NoSuchElementException: no such element: Unable to locate element: {"method":"css selector","selector":"#tryLexDialogX"}
  (Session info: chrome=109.0.5414.120)
For documentation on this error, please visit: https://www.seleniumhq.org/exceptions/no_such_element.html
Build info: version: '3.141.59', revision: 'e82be7d358', time: '2018-11-14T08:17:03'
System info: host: 'PEBBLES', ip: '192.168.1.171', os.name: 'Windows 11', os.arch: 'amd64', os.version: '10.0', java.version: '18.0.2'
Driver info: org.openqa.selenium.chrome.ChromeDriver
Capabilities {acceptInsecureCerts: false, browserName: chrome, browserVersion: 109.0.5414.120, chrome: {chromedriverVersion: 109.0.5414.74 (e7c5703604da..., userDataDir: C:\Users\agmarc80\AppData\L...}, goog:chromeOptions: {debuggerAddress: localhost:60365}, javascriptEnabled: true, networkConnectionEnabled: false, pageLoadStrategy: normal, platform: WINDOWS, platformName: WINDOWS, proxy: Proxy(), setWindowRect: true, strictFileInteractability: false, timeouts: {implicit: 0, pageLoad: 300000, script: 30000}, unhandledPromptBehavior: dismiss and notify, webauthn:extension:credBlob: true, webauthn:extension:largeBlob: true, webauthn:virtualAuthenticators: true}
Session ID: d5638f5d983ded79b4baef772a6c1e79
*** Element info: {Using=id, value=tryLexDialogX}
at org.openqa.selenium.remote.http.W3CHttpResponseCodec.createException(W3CHttpResponseCodec.java:187)
at org.openqa.selenium.remote.http.W3CHttpResponseCodec.decode(W3CHttpResponseCodec.java:122)
at org.openqa.selenium.remote.http.W3CHttpResponseCodec.decode(W3CHttpResponseCodec.java:49)
at org.openqa.selenium.remote.HttpCommandExecutor.execute(HttpCommandExecutor.java:158)
at org.openqa.selenium.remote.service.DriverCommandExecutor.execute(DriverCommandExecutor.java:83)
at org.openqa.selenium.remote.RemoteWebDriver.execute(RemoteWebDriver.java:552)
at org.openqa.selenium.remote.RemoteWebDriver.findElement(RemoteWebDriver.java:323)
at org.openqa.selenium.remote.RemoteWebDriver.findElementById(RemoteWebDriver.java:372)
at org.openqa.selenium.By$ById.findElement(By.java:188)
at org.openqa.selenium.remote.RemoteWebDriver.findElement(RemoteWebDriver.java:315)
at com.salesforcetest.SalesforceTestAutomation.checkerrorMessageinContacs30(SalesforceTestAutomation.java:994)
at java.base/java.util.ArrayList.forEach(ArrayList.java:1511)
... Removed 28 stack frames]]>
    </failure>
  </testcase> <!-- checkerrorMessageinContacs30 -->
  <testcase classname="com.salesforcetest.SalesforceTestAutomation" name="contactNameInRecentContacs29" time="21.589"/>
  <testcase classname="com.salesforcetest.SalesforceTestAutomation" name="createAccountReportTc14" time="34.267">
    <failure type="org.openqa.selenium.NoSuchElementException" message="no such element: Unable to locate element: {&amp;quot;method&amp;quot;:&amp;quot;xpath&amp;quot;,&amp;quot;selector&amp;quot;:&amp;quot;//button[@id=&amp;apos;ext-gen296&amp;apos;]&amp;quot;}
  (Session info: chrome=109.0.5414.120)
For documentation on this error, please visit: https://www.seleniumhq.org/exceptions/no_such_element.html
Build info: version: &amp;apos;3.141.59&amp;apos;, revision: &amp;apos;e82be7d358&amp;apos;, time: &amp;apos;2018-11-14T08:17:03&amp;apos;
System info: host: &amp;apos;PEBBLES&amp;apos;, ip: &amp;apos;192.168.1.171&amp;apos;, os.name: &amp;apos;Windows 11&amp;apos;, os.arch: &amp;apos;amd64&amp;apos;, os.version: &amp;apos;10.0&amp;apos;, java.version: &amp;apos;18.0.2&amp;apos;
Driver info: org.openqa.selenium.chrome.ChromeDriver
Capabilities {acceptInsecureCerts: false, browserName: chrome, browserVersion: 109.0.5414.120, chrome: {chromedriverVersion: 109.0.5414.74 (e7c5703604da..., userDataDir: C:\Users\agmarc80\AppData\L...}, goog:chromeOptions: {debuggerAddress: localhost:60470}, javascriptEnabled: true, networkConnectionEnabled: false, pageLoadStrategy: normal, platform: WINDOWS, platformName: WINDOWS, proxy: Proxy(), setWindowRect: true, strictFileInteractability: false, timeouts: {implicit: 0, pageLoad: 300000, script: 30000}, unhandledPromptBehavior: dismiss and notify, webauthn:extension:credBlob: true, webauthn:extension:largeBlob: true, webauthn:virtualAuthenticators: true}
Session ID: 03e05e9581f2989ca6b49853958057ea
*** Element info: {Using=xpath, value=//button[@id=&amp;apos;ext-gen296&amp;apos;]}">
      <![CDATA[org.openqa.selenium.NoSuchElementException: no such element: Unable to locate element: {"method":"xpath","selector":"//button[@id='ext-gen296']"}
  (Session info: chrome=109.0.5414.120)
For documentation on this error, please visit: https://www.seleniumhq.org/exceptions/no_such_element.html
Build info: version: '3.141.59', revision: 'e82be7d358', time: '2018-11-14T08:17:03'
System info: host: 'PEBBLES', ip: '192.168.1.171', os.name: 'Windows 11', os.arch: 'amd64', os.version: '10.0', java.version: '18.0.2'
Driver info: org.openqa.selenium.chrome.ChromeDriver
Capabilities {acceptInsecureCerts: false, browserName: chrome, browserVersion: 109.0.5414.120, chrome: {chromedriverVersion: 109.0.5414.74 (e7c5703604da..., userDataDir: C:\Users\agmarc80\AppData\L...}, goog:chromeOptions: {debuggerAddress: localhost:60470}, javascriptEnabled: true, networkConnectionEnabled: false, pageLoadStrategy: normal, platform: WINDOWS, platformName: WINDOWS, proxy: Proxy(), setWindowRect: true, strictFileInteractability: false, timeouts: {implicit: 0, pageLoad: 300000, script: 30000}, unhandledPromptBehavior: dismiss and notify, webauthn:extension:credBlob: true, webauthn:extension:largeBlob: true, webauthn:virtualAuthenticators: true}
Session ID: 03e05e9581f2989ca6b49853958057ea
*** Element info: {Using=xpath, value=//button[@id='ext-gen296']}
at org.openqa.selenium.remote.http.W3CHttpResponseCodec.createException(W3CHttpResponseCodec.java:187)
at org.openqa.selenium.remote.http.W3CHttpResponseCodec.decode(W3CHttpResponseCodec.java:122)
at org.openqa.selenium.remote.http.W3CHttpResponseCodec.decode(W3CHttpResponseCodec.java:49)
at org.openqa.selenium.remote.HttpCommandExecutor.execute(HttpCommandExecutor.java:158)
at org.openqa.selenium.remote.service.DriverCommandExecutor.execute(DriverCommandExecutor.java:83)
at org.openqa.selenium.remote.RemoteWebDriver.execute(RemoteWebDriver.java:552)
at org.openqa.selenium.remote.RemoteWebDriver.findElement(RemoteWebDriver.java:323)
at org.openqa.selenium.remote.RemoteWebDriver.findElementByXPath(RemoteWebDriver.java:428)
at org.openqa.selenium.By$ByXPath.findElement(By.java:353)
at org.openqa.selenium.remote.RemoteWebDriver.findElement(RemoteWebDriver.java:315)
at com.salesforcetest.SalesforceTestAutomation.createAccountReportTc14(SalesforceTestAutomation.java:556)
at java.base/java.util.ArrayList.forEach(ArrayList.java:1511)
... Removed 28 stack frames]]>
    </failure>
  </testcase> <!-- createAccountReportTc14 -->
  <testcase classname="com.salesforcetest.SalesforceTestAutomation" name="createAccountTc10" time="16.345"/>
  <testcase classname="com.salesforcetest.SalesforceTestAutomation" name="createNewOptyTc16" time="26.095"/>
  <testcase classname="com.salesforcetest.SalesforceTestAutomation" name="createNewViewIncontactTc26" time="19.717"/>
  <testcase classname="com.salesforcetest.SalesforceTestAutomation" name="createNewViewinAccounTc11" time="16.036"/>
  <testcase classname="com.salesforcetest.SalesforceTestAutomation" name="createNewcontactTc25" time="17.696"/>
  <testcase classname="com.salesforcetest.SalesforceTestAutomation" name="defaultViewinLeadsTc22" time="36.661"/>
  <testcase classname="com.salesforcetest.SalesforceTestAutomation" name="developerConsoleTc8" time="12.16"/>
  <testcase classname="com.salesforcetest.SalesforceTestAutomation" name="editViewTc12" time="19.817"/>
  <testcase classname="com.salesforcetest.SalesforceTestAutomation" name="forgotPasswordTc4" time="2.348"/>
  <testcase classname="com.salesforcetest.SalesforceTestAutomation" name="forgotPasswordTc4a" time="5.723"/>
  <testcase classname="com.salesforcetest.SalesforceTestAutomation" name="leadsDropdown21" time="14.59"/>
  <testcase classname="com.salesforcetest.SalesforceTestAutomation" name="leadsTabTc20" time="13.832"/>
  <testcase classname="com.salesforcetest.SalesforceTestAutomation" name="logout9" time="12.437"/>
  <testcase classname="com.salesforcetest.SalesforceTestAutomation" name="mergeAccountsTc13" time="22.977"/>
  <testcase classname="com.salesforcetest.SalesforceTestAutomation" name="myContactsViewInTheCorrectPage28" time="16.524"/>
  <testcase classname="com.salesforcetest.SalesforceTestAutomation" name="myprofile6" time="75.222"/>
  <testcase classname="com.salesforcetest.SalesforceTestAutomation" name="mysettings7" time="26.672"/>
  <testcase classname="com.salesforcetest.SalesforceTestAutomation" name="newButtonOnLeadsTc24" time="17.141"/>
  <testcase classname="com.salesforcetest.SalesforceTestAutomation" name="oppurtunityDropDownTc15" time="11.628"/>
  <testcase classname="com.salesforcetest.SalesforceTestAutomation" name="optyyPipelineReportTc17" time="16.534"/>
  <testcase classname="com.salesforcetest.SalesforceTestAutomation" name="recentlyCreatedcontactTc27" time="13.94"/>
  <testcase classname="com.salesforcetest.SalesforceTestAutomation" name="rememberMeTc3" time="8.114"/>
  <testcase classname="com.salesforcetest.SalesforceTestAutomation" name="salesforceLoginErrorTc1" time="2.431">
    <failure type="java.lang.AssertionError" message="expected [Please enter your password.] but found []">
      <![CDATA[java.lang.AssertionError: expected [Please enter your password.] but found []
at com.salesforcetest.SalesforceTestAutomation.salesforceLoginErrorTc1(SalesforceTestAutomation.java:74)
at java.base/java.util.ArrayList.forEach(ArrayList.java:1511)
... Removed 31 stack frames]]>
    </failure>
  </testcase> <!-- salesforceLoginErrorTc1 -->
  <testcase classname="com.salesforcetest.SalesforceTestAutomation" name="salesforceLoginTc2" time="1.961"/>
  <testcase classname="com.salesforcetest.SalesforceTestAutomation" name="saveAndNewInContactsTc32" time="15.794"/>
  <testcase classname="com.salesforcetest.SalesforceTestAutomation" name="stuckOptsReportTc18" time="13.708"/>
  <testcase classname="com.salesforcetest.SalesforceTestAutomation" name="testQuarterlySummaryReportTc19" time="21.744"/>
  <testcase classname="com.salesforcetest.SalesforceTestAutomation" name="todaysLeadsTc23" time="16.974"/>
  <testcase classname="com.salesforcetest.SalesforceTestAutomation" name="usermenuDropDownTc5" time="7.446"/>
</testsuite> <!-- chromeTests -->
