<!DOCTYPE html PUBLIC "-//W3C//DTD XHTML 1.1//EN" "https://www.w3.org/TR/xhtml11/DTD/xhtml11.dtd">
<html xmlns="https://www.w3.org/1999/xhtml">
<head>
<meta http-equiv="content-type" content="text/html; charset=UTF-8"/>
<title>TestNG Report</title>
<style type="text/css">table {margin-bottom:10px;border-collapse:collapse;empty-cells:show}th,td {border:1px solid #009;padding:.25em .5em}th {vertical-align:bottom}td {vertical-align:top}table a {font-weight:bold}.stripe td {background-color: #E6EBF9}.num {text-align:right}.passedodd td {background-color: #3F3}.passedeven td {background-color: #0A0}.skippedodd td {background-color: #DDD}.skippedeven td {background-color: #CCC}.failedodd td,.attn {background-color: #F33}.failedeven td,.stripe .attn {background-color: #D00}.stacktrace {white-space:pre;font-family:monospace}.totop {font-size:85%;text-align:center;border-bottom:2px solid #000}.invisible {display:none}</style>
</head>
<body>
<table>
<tr><th>Test</th><th># Passed</th><th># Skipped</th><th># Retried</th><th># Failed</th><th>Time (ms)</th><th>Included Groups</th><th>Excluded Groups</th></tr>
<tr><th colspan="8">Suite</th></tr>
<tr><td><a href="#t0">chromeTests</a></td><td class="num">31</td><td class="num">0</td><td class="num">0</td><td class="num attn">7</td><td class="num">895,418</td><td></td><td></td></tr>
</table>
<table id='summary'><thead><tr><th>Class</th><th>Method</th><th>Start</th><th>Time (ms)</th></tr></thead><tbody><tr><th colspan="4">Suite</th></tr></tbody><tbody id="t0"><tr><th colspan="4">chromeTests &#8212; failed</th></tr><tr class="failedeven"><td rowspan="7">com.salesforcetest.SalesforceTestAutomation</td><td><a href="#m0">blockingEventInTheCalenderTc36</a></td><td rowspan="1">1676501996110</td><td rowspan="1">25852</td></tr><tr class="failedeven"><td><a href="#m1">createAccountReportTc14</a></td><td rowspan="1">1676502129540</td><td rowspan="1">15381</td></tr><tr class="failedeven"><td><a href="#m2">createAccountTc10</a></td><td rowspan="1">1676502149685</td><td rowspan="1">10401</td></tr><tr class="failedeven"><td><a href="#m3">createNewcontactTc25</a></td><td rowspan="1">1676502236579</td><td rowspan="1">10422</td></tr><tr class="failedeven"><td><a href="#m4">editViewTc12</a></td><td rowspan="1">1676502331477</td><td rowspan="1">26</td></tr><tr class="failedeven"><td><a href="#m5">mergeAccountsTc13</a></td><td rowspan="1">1676502430594</td><td rowspan="1">11699</td></tr><tr class="failedeven"><td><a href="#m6">stuckOptsReportTc18</a></td><td rowspan="1">1676502739398</td><td rowspan="1">14778</td></tr><tr><th colspan="4">chromeTests &#8212; passed</th></tr><tr class="passedeven"><td rowspan="31">com.salesforcetest.SalesforceTestAutomation</td><td><a href="#m7">blockingEventInWeeklyResurrancerTc37</a></td><td rowspan="1">1676502026314</td><td rowspan="1">22597</td></tr><tr class="passedeven"><td><a href="#m8">cancelinCreateNewViewTc31</a></td><td rowspan="1">1676502052505</td><td rowspan="1">17942</td></tr><tr class="passedeven"><td><a href="#m9">checkerrorMessageinContacs30</a></td><td rowspan="1">1676502074615</td><td rowspan="1">23716</td></tr><tr class="passedeven"><td><a href="#m10">contactNameInRecentContacs29</a></td><td rowspan="1">1676502102143</td><td rowspan="1">23525</td></tr><tr class="passedeven"><td><a href="#m11">createNewOptyTc16</a></td><td rowspan="1">1676502164594</td><td rowspan="1">26846</td></tr><tr class="passedeven"><td><a href="#m12">createNewViewIncontactTc26</a></td><td rowspan="1">1676502195621</td><td rowspan="1">20297</td></tr><tr class="passedeven"><td><a href="#m13">createNewViewinAccounTc11</a></td><td rowspan="1">1676502219638</td><td rowspan="1">13267</td></tr><tr class="passedeven"><td><a href="#m14">defaultViewinLeadsTc22</a></td><td rowspan="1">1676502251340</td><td rowspan="1">34615</td></tr><tr class="passedeven"><td><a href="#m15">developerConsoleTc8</a></td><td rowspan="1">1676502289542</td><td rowspan="1">9608</td></tr><tr class="passedeven"><td><a href="#m16">editedLasttnameTc34</a></td><td rowspan="1">1676502335744</td><td rowspan="1">25391</td></tr><tr class="passedeven"><td><a href="#m17">forgotPasswordTc4</a></td><td rowspan="1">1676502364807</td><td rowspan="1">1036</td></tr><tr class="passedeven"><td><a href="#m18">forgotPasswordTc4a</a></td><td rowspan="1">1676502369699</td><td rowspan="1">14296</td></tr><tr class="passedeven"><td><a href="#m19">leadsDropdown21</a></td><td rowspan="1">1676502387080</td><td rowspan="1">10682</td></tr><tr class="passedeven"><td><a href="#m20">leadsTabTc20</a></td><td rowspan="1">1676502401766</td><td rowspan="1">11702</td></tr><tr class="passedeven"><td><a href="#m21">logout9</a></td><td rowspan="1">1676502417110</td><td rowspan="1">10596</td></tr><tr class="passedeven"><td><a href="#m22">myContactsViewInTheCorrectPage28</a></td><td rowspan="1">1676502445858</td><td rowspan="1">14530</td></tr><tr class="passedeven"><td><a href="#m23">myprofile6</a></td><td rowspan="1">1676502464840</td><td rowspan="1">72318</td></tr><tr class="passedeven"><td><a href="#m24">mysettings7</a></td><td rowspan="1">1676502540856</td><td rowspan="1">24243</td></tr><tr class="passedeven"><td><a href="#m25">newButtonOnLeadsTc24</a></td><td rowspan="1">1676502568716</td><td rowspan="1">20715</td></tr><tr class="passedeven"><td><a href="#m26">oppurtunityDropDownTc15</a></td><td rowspan="1">1676502594677</td><td rowspan="1">16853</td></tr><tr class="passedeven"><td><a href="#m27">optyyPipelineReportTc17</a></td><td rowspan="1">1676502616160</td><td rowspan="1">12831</td></tr><tr class="passedeven"><td><a href="#m28">recentlyCreatedcontactTc27</a></td><td rowspan="1">1676502633698</td><td rowspan="1">14340</td></tr><tr class="passedeven"><td><a href="#m29">rememberMeTc3</a></td><td rowspan="1">1676502653766</td><td rowspan="1">6919</td></tr><tr class="passedeven"><td><a href="#m30">salesforceLoginErrorTc1</a></td><td rowspan="1">1676502665757</td><td rowspan="1">2184</td></tr><tr class="passedeven"><td><a href="#m31">salesforceLoginTc2</a></td><td rowspan="1">1676502672821</td><td rowspan="1">31822</td></tr><tr class="passedeven"><td><a href="#m32">saveAndNewInContactsTc32</a></td><td rowspan="1">1676502711340</td><td rowspan="1">20213</td></tr><tr class="passedeven"><td><a href="#m33">testQuarterlySummaryReportTc19</a></td><td rowspan="1">1676502760607</td><td rowspan="1">20177</td></tr><tr class="passedeven"><td><a href="#m34">todaysLeadsTc23</a></td><td rowspan="1">1676502785652</td><td rowspan="1">22746</td></tr><tr class="passedeven"><td><a href="#m35">usermenuDropDownTc5</a></td><td rowspan="1">1676502814722</td><td rowspan="1">13682</td></tr><tr class="passedeven"><td><a href="#m36">verifyFirstnameTc33</a></td><td rowspan="1">1676502833217</td><td rowspan="1">21587</td></tr><tr class="passedeven"><td><a href="#m37">verifyTabCustomizationTc35</a></td><td rowspan="1">1676502858550</td><td rowspan="1">28024</td></tr></tbody>
</table>
<h2>chromeTests</h2><h3 id="m0">com.salesforcetest.SalesforceTestAutomation#blockingEventInTheCalenderTc36</h3><table class="result"><tr><th>Exception</th></tr><tr><td><div class="stacktrace">java.lang.AssertionError: expected [Calendar for Janani Abcd - Month View] but found [Calendar for Janani Abcd - Day View]
	at com.salesforcetest.SalesforceTestAutomation.blockingEventInTheCalenderTc36(SalesforceTestAutomation.java:1252)
	at java.base/java.util.ArrayList.forEach(ArrayList.java:1511)
... Removed 31 stack frames</div></td></tr></table><p class="totop"><a href="#summary">back to summary</a></p>
<h3 id="m1">com.salesforcetest.SalesforceTestAutomation#createAccountReportTc14</h3><table class="result"><tr><th>Exception</th></tr><tr><td><div class="stacktrace">org.openqa.selenium.NoSuchElementException: no such element: Unable to locate element: {&quot;method&quot;:&quot;xpath&quot;,&quot;selector&quot;:&quot;//a[contains(text(),&apos;Accounts with last activity &gt; 30 days&apos;)]&quot;}
  (Session info: chrome=109.0.5414.122)
For documentation on this error, please visit: https://www.seleniumhq.org/exceptions/no_such_element.html
Build info: version: &apos;3.141.59&apos;, revision: &apos;e82be7d358&apos;, time: &apos;2018-11-14T08:17:03&apos;
System info: host: &apos;PEBBLES&apos;, ip: &apos;192.168.1.171&apos;, os.name: &apos;Windows 11&apos;, os.arch: &apos;amd64&apos;, os.version: &apos;10.0&apos;, java.version: &apos;18.0.2&apos;
Driver info: org.openqa.selenium.chrome.ChromeDriver
Capabilities {acceptInsecureCerts: false, browserName: chrome, browserVersion: 109.0.5414.122, chrome: {chromedriverVersion: 109.0.5414.74 (e7c5703604da..., userDataDir: C:\Users\agmarc80\AppData\L...}, goog:chromeOptions: {debuggerAddress: localhost:57943}, javascriptEnabled: true, networkConnectionEnabled: false, pageLoadStrategy: normal, platform: WINDOWS, platformName: WINDOWS, proxy: Proxy(), setWindowRect: true, strictFileInteractability: false, timeouts: {implicit: 0, pageLoad: 300000, script: 30000}, unhandledPromptBehavior: dismiss and notify, webauthn:extension:credBlob: true, webauthn:extension:largeBlob: true, webauthn:virtualAuthenticators: true}
Session ID: bb3c8488a8a9e4626e8d52ca89e30938
*** Element info: {Using=xpath, value=//a[contains(text(),&apos;Accounts with last activity &gt; 30 days&apos;)]}
	at org.openqa.selenium.remote.http.W3CHttpResponseCodec.createException(W3CHttpResponseCodec.java:187)
	at org.openqa.selenium.remote.http.W3CHttpResponseCodec.decode(W3CHttpResponseCodec.java:122)
	at org.openqa.selenium.remote.http.W3CHttpResponseCodec.decode(W3CHttpResponseCodec.java:49)
	at org.openqa.selenium.remote.HttpCommandExecutor.execute(HttpCommandExecutor.java:158)
	at org.openqa.selenium.remote.service.DriverCommandExecutor.execute(DriverCommandExecutor.java:83)
	at org.openqa.selenium.remote.RemoteWebDriver.execute(RemoteWebDriver.java:552)
	at org.openqa.selenium.remote.RemoteWebDriver.findElement(RemoteWebDriver.java:323)
	at org.openqa.selenium.remote.RemoteWebDriver.findElementByXPath(RemoteWebDriver.java:428)
	at org.openqa.selenium.By$ByXPath.findElement(By.java:353)
	at org.openqa.selenium.remote.RemoteWebDriver.findElement(RemoteWebDriver.java:315)
	at com.salesforcetest.SalesforceTestAutomation.createAccountReportTc14(SalesforceTestAutomation.java:534)
	at java.base/java.util.ArrayList.forEach(ArrayList.java:1511)
... Removed 28 stack frames</div></td></tr></table><p class="totop"><a href="#summary">back to summary</a></p>
<h3 id="m2">com.salesforcetest.SalesforceTestAutomation#createAccountTc10</h3><table class="result"><tr><th>Exception</th></tr><tr><td><div class="stacktrace">org.openqa.selenium.NoSuchElementException: no such element: Unable to locate element: {&quot;method&quot;:&quot;xpath&quot;,&quot;selector&quot;:&quot;//input[@id=&apos;acc2&apos;]&quot;}
  (Session info: chrome=109.0.5414.122)
For documentation on this error, please visit: https://www.seleniumhq.org/exceptions/no_such_element.html
Build info: version: &apos;3.141.59&apos;, revision: &apos;e82be7d358&apos;, time: &apos;2018-11-14T08:17:03&apos;
System info: host: &apos;PEBBLES&apos;, ip: &apos;192.168.1.171&apos;, os.name: &apos;Windows 11&apos;, os.arch: &apos;amd64&apos;, os.version: &apos;10.0&apos;, java.version: &apos;18.0.2&apos;
Driver info: org.openqa.selenium.chrome.ChromeDriver
Capabilities {acceptInsecureCerts: false, browserName: chrome, browserVersion: 109.0.5414.122, chrome: {chromedriverVersion: 109.0.5414.74 (e7c5703604da..., userDataDir: C:\Users\agmarc80\AppData\L...}, goog:chromeOptions: {debuggerAddress: localhost:57992}, javascriptEnabled: true, networkConnectionEnabled: false, pageLoadStrategy: normal, platform: WINDOWS, platformName: WINDOWS, proxy: Proxy(), setWindowRect: true, strictFileInteractability: false, timeouts: {implicit: 0, pageLoad: 300000, script: 30000}, unhandledPromptBehavior: dismiss and notify, webauthn:extension:credBlob: true, webauthn:extension:largeBlob: true, webauthn:virtualAuthenticators: true}
Session ID: 86cf07400d2b7945d6f9b9447fa0d0ac
*** Element info: {Using=xpath, value=//input[@id=&apos;acc2&apos;]}
	at org.openqa.selenium.remote.http.W3CHttpResponseCodec.createException(W3CHttpResponseCodec.java:187)
	at org.openqa.selenium.remote.http.W3CHttpResponseCodec.decode(W3CHttpResponseCodec.java:122)
	at org.openqa.selenium.remote.http.W3CHttpResponseCodec.decode(W3CHttpResponseCodec.java:49)
	at org.openqa.selenium.remote.HttpCommandExecutor.execute(HttpCommandExecutor.java:158)
	at org.openqa.selenium.remote.service.DriverCommandExecutor.execute(DriverCommandExecutor.java:83)
	at org.openqa.selenium.remote.RemoteWebDriver.execute(RemoteWebDriver.java:552)
	at org.openqa.selenium.remote.RemoteWebDriver.findElement(RemoteWebDriver.java:323)
	at org.openqa.selenium.remote.RemoteWebDriver.findElementByXPath(RemoteWebDriver.java:428)
	at org.openqa.selenium.By$ByXPath.findElement(By.java:353)
	at org.openqa.selenium.remote.RemoteWebDriver.findElement(RemoteWebDriver.java:315)
	at com.salesforcetest.SalesforceTestAutomation.createAccountTc10(SalesforceTestAutomation.java:417)
	at java.base/java.util.ArrayList.forEach(ArrayList.java:1511)
... Removed 28 stack frames</div></td></tr></table><p class="totop"><a href="#summary">back to summary</a></p>
<h3 id="m3">com.salesforcetest.SalesforceTestAutomation#createNewcontactTc25</h3><table class="result"><tr><th>Exception</th></tr><tr><td><div class="stacktrace">org.openqa.selenium.NoSuchElementException: no such element: Unable to locate element: {&quot;method&quot;:&quot;css selector&quot;,&quot;selector&quot;:&quot;#tryLexDialogX&quot;}
  (Session info: chrome=109.0.5414.122)
For documentation on this error, please visit: https://www.seleniumhq.org/exceptions/no_such_element.html
Build info: version: &apos;3.141.59&apos;, revision: &apos;e82be7d358&apos;, time: &apos;2018-11-14T08:17:03&apos;
System info: host: &apos;PEBBLES&apos;, ip: &apos;192.168.1.171&apos;, os.name: &apos;Windows 11&apos;, os.arch: &apos;amd64&apos;, os.version: &apos;10.0&apos;, java.version: &apos;18.0.2&apos;
Driver info: org.openqa.selenium.chrome.ChromeDriver
Capabilities {acceptInsecureCerts: false, browserName: chrome, browserVersion: 109.0.5414.122, chrome: {chromedriverVersion: 109.0.5414.74 (e7c5703604da..., userDataDir: C:\Users\agmarc80\AppData\L...}, goog:chromeOptions: {debuggerAddress: localhost:58191}, javascriptEnabled: true, networkConnectionEnabled: false, pageLoadStrategy: normal, platform: WINDOWS, platformName: WINDOWS, proxy: Proxy(), setWindowRect: true, strictFileInteractability: false, timeouts: {implicit: 0, pageLoad: 300000, script: 30000}, unhandledPromptBehavior: dismiss and notify, webauthn:extension:credBlob: true, webauthn:extension:largeBlob: true, webauthn:virtualAuthenticators: true}
Session ID: f91ef73141eee1010090b97932a01486
*** Element info: {Using=id, value=tryLexDialogX}
	at org.openqa.selenium.remote.http.W3CHttpResponseCodec.createException(W3CHttpResponseCodec.java:187)
	at org.openqa.selenium.remote.http.W3CHttpResponseCodec.decode(W3CHttpResponseCodec.java:122)
	at org.openqa.selenium.remote.http.W3CHttpResponseCodec.decode(W3CHttpResponseCodec.java:49)
	at org.openqa.selenium.remote.HttpCommandExecutor.execute(HttpCommandExecutor.java:158)
	at org.openqa.selenium.remote.service.DriverCommandExecutor.execute(DriverCommandExecutor.java:83)
	at org.openqa.selenium.remote.RemoteWebDriver.execute(RemoteWebDriver.java:552)
	at org.openqa.selenium.remote.RemoteWebDriver.findElement(RemoteWebDriver.java:323)
	at org.openqa.selenium.remote.RemoteWebDriver.findElementById(RemoteWebDriver.java:372)
	at org.openqa.selenium.By$ById.findElement(By.java:188)
	at org.openqa.selenium.remote.RemoteWebDriver.findElement(RemoteWebDriver.java:315)
	at com.salesforcetest.SalesforceTestAutomation.createNewcontactTc25(SalesforceTestAutomation.java:876)
	at java.base/java.util.ArrayList.forEach(ArrayList.java:1511)
... Removed 28 stack frames</div></td></tr></table><p class="totop"><a href="#summary">back to summary</a></p>
<h3 id="m4">com.salesforcetest.SalesforceTestAutomation#editViewTc12</h3><table class="result"><tr><th>Exception</th></tr><tr><td><div class="stacktrace">org.openqa.selenium.NoSuchElementException: no such element: Unable to locate element: {&quot;method&quot;:&quot;css selector&quot;,&quot;selector&quot;:&quot;#username&quot;}
  (Session info: chrome=109.0.5414.122)
For documentation on this error, please visit: https://www.seleniumhq.org/exceptions/no_such_element.html
Build info: version: &apos;3.141.59&apos;, revision: &apos;e82be7d358&apos;, time: &apos;2018-11-14T08:17:03&apos;
System info: host: &apos;PEBBLES&apos;, ip: &apos;192.168.1.171&apos;, os.name: &apos;Windows 11&apos;, os.arch: &apos;amd64&apos;, os.version: &apos;10.0&apos;, java.version: &apos;18.0.2&apos;
Driver info: org.openqa.selenium.chrome.ChromeDriver
Capabilities {acceptInsecureCerts: false, browserName: chrome, browserVersion: 109.0.5414.122, chrome: {chromedriverVersion: 109.0.5414.74 (e7c5703604da..., userDataDir: C:\Users\agmarc80\AppData\L...}, goog:chromeOptions: {debuggerAddress: localhost:58330}, javascriptEnabled: true, networkConnectionEnabled: false, pageLoadStrategy: normal, platform: WINDOWS, platformName: WINDOWS, proxy: Proxy(), setWindowRect: true, strictFileInteractability: false, timeouts: {implicit: 0, pageLoad: 300000, script: 30000}, unhandledPromptBehavior: dismiss and notify, webauthn:extension:credBlob: true, webauthn:extension:largeBlob: true, webauthn:virtualAuthenticators: true}
Session ID: b618946d806cf78376f31ae741d28134
*** Element info: {Using=id, value=username}
	at org.openqa.selenium.remote.http.W3CHttpResponseCodec.createException(W3CHttpResponseCodec.java:187)
	at org.openqa.selenium.remote.http.W3CHttpResponseCodec.decode(W3CHttpResponseCodec.java:122)
	at org.openqa.selenium.remote.http.W3CHttpResponseCodec.decode(W3CHttpResponseCodec.java:49)
	at org.openqa.selenium.remote.HttpCommandExecutor.execute(HttpCommandExecutor.java:158)
	at org.openqa.selenium.remote.service.DriverCommandExecutor.execute(DriverCommandExecutor.java:83)
	at org.openqa.selenium.remote.RemoteWebDriver.execute(RemoteWebDriver.java:552)
	at org.openqa.selenium.remote.RemoteWebDriver.findElement(RemoteWebDriver.java:323)
	at org.openqa.selenium.remote.RemoteWebDriver.findElementById(RemoteWebDriver.java:372)
	at org.openqa.selenium.By$ById.findElement(By.java:188)
	at org.openqa.selenium.remote.RemoteWebDriver.findElement(RemoteWebDriver.java:315)
	at com.base.BaseClass.validLoginMethod(BaseClass.java:84)
	at com.salesforcetest.SalesforceTestAutomation.editViewTc12(SalesforceTestAutomation.java:457)
	at java.base/java.util.ArrayList.forEach(ArrayList.java:1511)
... Removed 28 stack frames</div></td></tr></table><p class="totop"><a href="#summary">back to summary</a></p>
<h3 id="m5">com.salesforcetest.SalesforceTestAutomation#mergeAccountsTc13</h3><table class="result"><tr><th>Exception</th></tr><tr><td><div class="stacktrace">org.openqa.selenium.NoSuchElementException: no such element: Unable to locate element: {&quot;method&quot;:&quot;xpath&quot;,&quot;selector&quot;:&quot;//input[@id=&apos;acc2&apos;]&quot;}
  (Session info: chrome=109.0.5414.122)
For documentation on this error, please visit: https://www.seleniumhq.org/exceptions/no_such_element.html
Build info: version: &apos;3.141.59&apos;, revision: &apos;e82be7d358&apos;, time: &apos;2018-11-14T08:17:03&apos;
System info: host: &apos;PEBBLES&apos;, ip: &apos;192.168.1.171&apos;, os.name: &apos;Windows 11&apos;, os.arch: &apos;amd64&apos;, os.version: &apos;10.0&apos;, java.version: &apos;18.0.2&apos;
Driver info: org.openqa.selenium.chrome.ChromeDriver
Capabilities {acceptInsecureCerts: false, browserName: chrome, browserVersion: 109.0.5414.122, chrome: {chromedriverVersion: 109.0.5414.74 (e7c5703604da..., userDataDir: C:\Users\agmarc80\AppData\L...}, goog:chromeOptions: {debuggerAddress: localhost:58602}, javascriptEnabled: true, networkConnectionEnabled: false, pageLoadStrategy: normal, platform: WINDOWS, platformName: WINDOWS, proxy: Proxy(), setWindowRect: true, strictFileInteractability: false, timeouts: {implicit: 0, pageLoad: 300000, script: 30000}, unhandledPromptBehavior: dismiss and notify, webauthn:extension:credBlob: true, webauthn:extension:largeBlob: true, webauthn:virtualAuthenticators: true}
Session ID: 6806a5d5e5b2d862567c4c881f4c7f06
*** Element info: {Using=xpath, value=//input[@id=&apos;acc2&apos;]}
	at org.openqa.selenium.remote.http.W3CHttpResponseCodec.createException(W3CHttpResponseCodec.java:187)
	at org.openqa.selenium.remote.http.W3CHttpResponseCodec.decode(W3CHttpResponseCodec.java:122)
	at org.openqa.selenium.remote.http.W3CHttpResponseCodec.decode(W3CHttpResponseCodec.java:49)
	at org.openqa.selenium.remote.HttpCommandExecutor.execute(HttpCommandExecutor.java:158)
	at org.openqa.selenium.remote.service.DriverCommandExecutor.execute(DriverCommandExecutor.java:83)
	at org.openqa.selenium.remote.RemoteWebDriver.execute(RemoteWebDriver.java:552)
	at org.openqa.selenium.remote.RemoteWebDriver.findElement(RemoteWebDriver.java:323)
	at org.openqa.selenium.remote.RemoteWebDriver.findElementByXPath(RemoteWebDriver.java:428)
	at org.openqa.selenium.By$ByXPath.findElement(By.java:353)
	at org.openqa.selenium.remote.RemoteWebDriver.findElement(RemoteWebDriver.java:315)
	at com.salesforcetest.SalesforceTestAutomation.createAccountTc10(SalesforceTestAutomation.java:417)
	at com.salesforcetest.SalesforceTestAutomation.mergeAccountsTc13(SalesforceTestAutomation.java:491)
	at java.base/java.util.ArrayList.forEach(ArrayList.java:1511)
... Removed 28 stack frames</div></td></tr></table><p class="totop"><a href="#summary">back to summary</a></p>
<h3 id="m6">com.salesforcetest.SalesforceTestAutomation#stuckOptsReportTc18</h3><table class="result"><tr><th>Exception</th></tr><tr><td><div class="stacktrace">org.openqa.selenium.NoSuchElementException: no such element: Unable to locate element: {&quot;method&quot;:&quot;css selector&quot;,&quot;selector&quot;:&quot;#tryLexDialogX&quot;}
  (Session info: chrome=109.0.5414.122)
For documentation on this error, please visit: https://www.seleniumhq.org/exceptions/no_such_element.html
Build info: version: &apos;3.141.59&apos;, revision: &apos;e82be7d358&apos;, time: &apos;2018-11-14T08:17:03&apos;
System info: host: &apos;PEBBLES&apos;, ip: &apos;192.168.1.171&apos;, os.name: &apos;Windows 11&apos;, os.arch: &apos;amd64&apos;, os.version: &apos;10.0&apos;, java.version: &apos;18.0.2&apos;
Driver info: org.openqa.selenium.chrome.ChromeDriver
Capabilities {acceptInsecureCerts: false, browserName: chrome, browserVersion: 109.0.5414.122, chrome: {chromedriverVersion: 109.0.5414.74 (e7c5703604da..., userDataDir: C:\Users\agmarc80\AppData\L...}, goog:chromeOptions: {debuggerAddress: localhost:59163}, javascriptEnabled: true, networkConnectionEnabled: false, pageLoadStrategy: normal, platform: WINDOWS, platformName: WINDOWS, proxy: Proxy(), setWindowRect: true, strictFileInteractability: false, timeouts: {implicit: 0, pageLoad: 300000, script: 30000}, unhandledPromptBehavior: dismiss and notify, webauthn:extension:credBlob: true, webauthn:extension:largeBlob: true, webauthn:virtualAuthenticators: true}
Session ID: e606baed88caa10cce73800719031566
*** Element info: {Using=id, value=tryLexDialogX}
	at org.openqa.selenium.remote.http.W3CHttpResponseCodec.createException(W3CHttpResponseCodec.java:187)
	at org.openqa.selenium.remote.http.W3CHttpResponseCodec.decode(W3CHttpResponseCodec.java:122)
	at org.openqa.selenium.remote.http.W3CHttpResponseCodec.decode(W3CHttpResponseCodec.java:49)
	at org.openqa.selenium.remote.HttpCommandExecutor.execute(HttpCommandExecutor.java:158)
	at org.openqa.selenium.remote.service.DriverCommandExecutor.execute(DriverCommandExecutor.java:83)
	at org.openqa.selenium.remote.RemoteWebDriver.execute(RemoteWebDriver.java:552)
	at org.openqa.selenium.remote.RemoteWebDriver.findElement(RemoteWebDriver.java:323)
	at org.openqa.selenium.remote.RemoteWebDriver.findElementById(RemoteWebDriver.java:372)
	at org.openqa.selenium.By$ById.findElement(By.java:188)
	at org.openqa.selenium.remote.RemoteWebDriver.findElement(RemoteWebDriver.java:315)
	at com.salesforcetest.SalesforceTestAutomation.stuckOptsReportTc18(SalesforceTestAutomation.java:669)
	at java.base/java.util.ArrayList.forEach(ArrayList.java:1511)
... Removed 28 stack frames</div></td></tr></table><p class="totop"><a href="#summary">back to summary</a></p>
<h3 id="m7">com.salesforcetest.SalesforceTestAutomation#blockingEventInWeeklyResurrancerTc37</h3><table class="result"><tr><th class="invisible"/></tr></table><p class="totop"><a href="#summary">back to summary</a></p>
<h3 id="m8">com.salesforcetest.SalesforceTestAutomation#cancelinCreateNewViewTc31</h3><table class="result"><tr><th class="invisible"/></tr></table><p class="totop"><a href="#summary">back to summary</a></p>
<h3 id="m9">com.salesforcetest.SalesforceTestAutomation#checkerrorMessageinContacs30</h3><table class="result"><tr><th class="invisible"/></tr></table><p class="totop"><a href="#summary">back to summary</a></p>
<h3 id="m10">com.salesforcetest.SalesforceTestAutomation#contactNameInRecentContacs29</h3><table class="result"><tr><th class="invisible"/></tr></table><p class="totop"><a href="#summary">back to summary</a></p>
<h3 id="m11">com.salesforcetest.SalesforceTestAutomation#createNewOptyTc16</h3><table class="result"><tr><th class="invisible"/></tr></table><p class="totop"><a href="#summary">back to summary</a></p>
<h3 id="m12">com.salesforcetest.SalesforceTestAutomation#createNewViewIncontactTc26</h3><table class="result"><tr><th class="invisible"/></tr></table><p class="totop"><a href="#summary">back to summary</a></p>
<h3 id="m13">com.salesforcetest.SalesforceTestAutomation#createNewViewinAccounTc11</h3><table class="result"><tr><th class="invisible"/></tr></table><p class="totop"><a href="#summary">back to summary</a></p>
<h3 id="m14">com.salesforcetest.SalesforceTestAutomation#defaultViewinLeadsTc22</h3><table class="result"><tr><th class="invisible"/></tr></table><p class="totop"><a href="#summary">back to summary</a></p>
<h3 id="m15">com.salesforcetest.SalesforceTestAutomation#developerConsoleTc8</h3><table class="result"><tr><th class="invisible"/></tr></table><p class="totop"><a href="#summary">back to summary</a></p>
<h3 id="m16">com.salesforcetest.SalesforceTestAutomation#editedLasttnameTc34</h3><table class="result"><tr><th class="invisible"/></tr></table><p class="totop"><a href="#summary">back to summary</a></p>
<h3 id="m17">com.salesforcetest.SalesforceTestAutomation#forgotPasswordTc4</h3><table class="result"><tr><th class="invisible"/></tr></table><p class="totop"><a href="#summary">back to summary</a></p>
<h3 id="m18">com.salesforcetest.SalesforceTestAutomation#forgotPasswordTc4a</h3><table class="result"><tr><th class="invisible"/></tr></table><p class="totop"><a href="#summary">back to summary</a></p>
<h3 id="m19">com.salesforcetest.SalesforceTestAutomation#leadsDropdown21</h3><table class="result"><tr><th class="invisible"/></tr></table><p class="totop"><a href="#summary">back to summary</a></p>
<h3 id="m20">com.salesforcetest.SalesforceTestAutomation#leadsTabTc20</h3><table class="result"><tr><th class="invisible"/></tr></table><p class="totop"><a href="#summary">back to summary</a></p>
<h3 id="m21">com.salesforcetest.SalesforceTestAutomation#logout9</h3><table class="result"><tr><th class="invisible"/></tr></table><p class="totop"><a href="#summary">back to summary</a></p>
<h3 id="m22">com.salesforcetest.SalesforceTestAutomation#myContactsViewInTheCorrectPage28</h3><table class="result"><tr><th class="invisible"/></tr></table><p class="totop"><a href="#summary">back to summary</a></p>
<h3 id="m23">com.salesforcetest.SalesforceTestAutomation#myprofile6</h3><table class="result"><tr><th class="invisible"/></tr></table><p class="totop"><a href="#summary">back to summary</a></p>
<h3 id="m24">com.salesforcetest.SalesforceTestAutomation#mysettings7</h3><table class="result"><tr><th class="invisible"/></tr></table><p class="totop"><a href="#summary">back to summary</a></p>
<h3 id="m25">com.salesforcetest.SalesforceTestAutomation#newButtonOnLeadsTc24</h3><table class="result"><tr><th class="invisible"/></tr></table><p class="totop"><a href="#summary">back to summary</a></p>
<h3 id="m26">com.salesforcetest.SalesforceTestAutomation#oppurtunityDropDownTc15</h3><table class="result"><tr><th class="invisible"/></tr></table><p class="totop"><a href="#summary">back to summary</a></p>
<h3 id="m27">com.salesforcetest.SalesforceTestAutomation#optyyPipelineReportTc17</h3><table class="result"><tr><th class="invisible"/></tr></table><p class="totop"><a href="#summary">back to summary</a></p>
<h3 id="m28">com.salesforcetest.SalesforceTestAutomation#recentlyCreatedcontactTc27</h3><table class="result"><tr><th class="invisible"/></tr></table><p class="totop"><a href="#summary">back to summary</a></p>
<h3 id="m29">com.salesforcetest.SalesforceTestAutomation#rememberMeTc3</h3><table class="result"><tr><th class="invisible"/></tr></table><p class="totop"><a href="#summary">back to summary</a></p>
<h3 id="m30">com.salesforcetest.SalesforceTestAutomation#salesforceLoginErrorTc1</h3><table class="result"><tr><th class="invisible"/></tr></table><p class="totop"><a href="#summary">back to summary</a></p>
<h3 id="m31">com.salesforcetest.SalesforceTestAutomation#salesforceLoginTc2</h3><table class="result"><tr><th class="invisible"/></tr></table><p class="totop"><a href="#summary">back to summary</a></p>
<h3 id="m32">com.salesforcetest.SalesforceTestAutomation#saveAndNewInContactsTc32</h3><table class="result"><tr><th class="invisible"/></tr></table><p class="totop"><a href="#summary">back to summary</a></p>
<h3 id="m33">com.salesforcetest.SalesforceTestAutomation#testQuarterlySummaryReportTc19</h3><table class="result"><tr><th class="invisible"/></tr></table><p class="totop"><a href="#summary">back to summary</a></p>
<h3 id="m34">com.salesforcetest.SalesforceTestAutomation#todaysLeadsTc23</h3><table class="result"><tr><th class="invisible"/></tr></table><p class="totop"><a href="#summary">back to summary</a></p>
<h3 id="m35">com.salesforcetest.SalesforceTestAutomation#usermenuDropDownTc5</h3><table class="result"><tr><th class="invisible"/></tr></table><p class="totop"><a href="#summary">back to summary</a></p>
<h3 id="m36">com.salesforcetest.SalesforceTestAutomation#verifyFirstnameTc33</h3><table class="result"><tr><th class="invisible"/></tr></table><p class="totop"><a href="#summary">back to summary</a></p>
<h3 id="m37">com.salesforcetest.SalesforceTestAutomation#verifyTabCustomizationTc35</h3><table class="result"><tr><th class="invisible"/></tr></table><p class="totop"><a href="#summary">back to summary</a></p>
</body>
</html>
