<!DOCTYPE html>

<html>
  <head>
  <meta charset='utf-8'>
  <title>TestNG reports</title>

    <link type="text/css" href="testng-reports1.css" rel="stylesheet" id="ultra" />
    <link type="text/css" href="testng-reports.css" rel="stylesheet" id="retro" disabled="false"/>
    <script type="text/javascript" src="jquery.min.js"></script>
    <script type="text/javascript" src="testng-reports.js"></script>
    <script type="text/javascript" src="https://www.google.com/jsapi"></script>
    <script type='text/javascript'>
      google.load('visualization', '1', {packages:['table']});
      google.setOnLoadCallback(drawTable);
      var suiteTableInitFunctions = new Array();
      var suiteTableData = new Array();
    </script>
    <!--
      <script type="text/javascript" src="jquery-ui/js/jquery-ui-1.8.16.custom.min.js"></script>
     -->
  </head>

  <body>
    <div class="top-banner-root">
      <span class="top-banner-title-font">Test results</span>
      <button id="button" class="button">Switch Retro Theme</button> <!-- button -->
      <br/>
      <span class="top-banner-font-1">1 suite, 7 failed tests</span>
    </div> <!-- top-banner-root -->
    <div class="navigator-root">
      <div class="navigator-suite-header">
        <span>All suites</span>
        <a href="#" title="Collapse/expand all the suites" class="collapse-all-link">
          <img src="collapseall.gif" class="collapse-all-icon">
          </img> <!-- collapse-all-icon -->
        </a> <!-- collapse-all-link -->
      </div> <!-- navigator-suite-header -->
      <div class="suite">
        <div class="rounded-window">
          <div class="suite-header light-rounded-window-top">
            <a href="#" panel-name="suite-Suite" class="navigator-link">
              <span class="suite-name border-failed">Suite</span>
            </a> <!-- navigator-link -->
          </div> <!-- suite-header light-rounded-window-top -->
          <div class="navigator-suite-content">
            <div class="suite-section-title">
              <span>Info</span>
            </div> <!-- suite-section-title -->
            <div class="suite-section-content">
              <ul>
                <li>
                  <a href="#" panel-name="test-xml-Suite" class="navigator-link ">
                    <span>C:\Users\agmarc80\git\repository\salesforcetestFramework\testng.xml</span>
                  </a> <!-- navigator-link  -->
                </li>
                <li>
                  <a href="#" panel-name="testlist-Suite" class="navigator-link ">
                    <span class="test-stats">1 test</span>
                  </a> <!-- navigator-link  -->
                </li>
                <li>
                  <a href="#" panel-name="group-Suite" class="navigator-link ">
                    <span>0 groups</span>
                  </a> <!-- navigator-link  -->
                </li>
                <li>
                  <a href="#" panel-name="times-Suite" class="navigator-link ">
                    <span>Times</span>
                  </a> <!-- navigator-link  -->
                </li>
                <li>
                  <a href="#" panel-name="reporter-Suite" class="navigator-link ">
                    <span>Reporter output</span>
                  </a> <!-- navigator-link  -->
                </li>
                <li>
                  <a href="#" panel-name="ignored-methods-Suite" class="navigator-link ">
                    <span>Ignored methods</span>
                  </a> <!-- navigator-link  -->
                </li>
                <li>
                  <a href="#" panel-name="chronological-Suite" class="navigator-link ">
                    <span>Chronological view</span>
                  </a> <!-- navigator-link  -->
                </li>
              </ul>
            </div> <!-- suite-section-content -->
            <div class="result-section">
              <div class="suite-section-title">
                <span>Results</span>
              </div> <!-- suite-section-title -->
              <div class="suite-section-content">
                <ul>
                  <li>
                    <span class="method-stats">38 methods, 7 failed,   31 passed</span>
                  </li>
                  <li>
                    <span class="method-list-title failed">Failed methods</span>
                    <span class="show-or-hide-methods failed">
                      <a href="#" panel-name="suite-Suite" class="hide-methods failed suite-Suite"> (hide)</a> <!-- hide-methods failed suite-Suite -->
                      <a href="#" panel-name="suite-Suite" class="show-methods failed suite-Suite"> (show)</a> <!-- show-methods failed suite-Suite -->
                    </span>
                    <div class="method-list-content failed suite-Suite">
                      <span>
                        <img src="failed.png" width="3%"/>
                        <a href="#" panel-name="suite-Suite" title="com.salesforcetest.SalesforceTestAutomation" class="method navigator-link" hash-for-method="blockingEventInTheCalenderTc36">blockingEventInTheCalenderTc36</a> <!-- method navigator-link -->
                      </span>
                      <br/>
                      <span>
                        <img src="failed.png" width="3%"/>
                        <a href="#" panel-name="suite-Suite" title="com.salesforcetest.SalesforceTestAutomation" class="method navigator-link" hash-for-method="createAccountReportTc14">createAccountReportTc14</a> <!-- method navigator-link -->
                      </span>
                      <br/>
                      <span>
                        <img src="failed.png" width="3%"/>
                        <a href="#" panel-name="suite-Suite" title="com.salesforcetest.SalesforceTestAutomation" class="method navigator-link" hash-for-method="createAccountTc10">createAccountTc10</a> <!-- method navigator-link -->
                      </span>
                      <br/>
                      <span>
                        <img src="failed.png" width="3%"/>
                        <a href="#" panel-name="suite-Suite" title="com.salesforcetest.SalesforceTestAutomation" class="method navigator-link" hash-for-method="createNewcontactTc25">createNewcontactTc25</a> <!-- method navigator-link -->
                      </span>
                      <br/>
                      <span>
                        <img src="failed.png" width="3%"/>
                        <a href="#" panel-name="suite-Suite" title="com.salesforcetest.SalesforceTestAutomation" class="method navigator-link" hash-for-method="editViewTc12">editViewTc12</a> <!-- method navigator-link -->
                      </span>
                      <br/>
                      <span>
                        <img src="failed.png" width="3%"/>
                        <a href="#" panel-name="suite-Suite" title="com.salesforcetest.SalesforceTestAutomation" class="method navigator-link" hash-for-method="mergeAccountsTc13">mergeAccountsTc13</a> <!-- method navigator-link -->
                      </span>
                      <br/>
                      <span>
                        <img src="failed.png" width="3%"/>
                        <a href="#" panel-name="suite-Suite" title="com.salesforcetest.SalesforceTestAutomation" class="method navigator-link" hash-for-method="stuckOptsReportTc18">stuckOptsReportTc18</a> <!-- method navigator-link -->
                      </span>
                      <br/>
                    </div> <!-- method-list-content failed suite-Suite -->
                  </li>
                  <li>
                    <span class="method-list-title passed">Passed methods</span>
                    <span class="show-or-hide-methods passed">
                      <a href="#" panel-name="suite-Suite" class="hide-methods passed suite-Suite"> (hide)</a> <!-- hide-methods passed suite-Suite -->
                      <a href="#" panel-name="suite-Suite" class="show-methods passed suite-Suite"> (show)</a> <!-- show-methods passed suite-Suite -->
                    </span>
                    <div class="method-list-content passed suite-Suite">
                      <span>
                        <img src="passed.png" width="3%"/>
                        <a href="#" panel-name="suite-Suite" title="com.salesforcetest.SalesforceTestAutomation" class="method navigator-link" hash-for-method="blockingEventInWeeklyResurrancerTc37">blockingEventInWeeklyResurrancerTc37</a> <!-- method navigator-link -->
                      </span>
                      <br/>
                      <span>
                        <img src="passed.png" width="3%"/>
                        <a href="#" panel-name="suite-Suite" title="com.salesforcetest.SalesforceTestAutomation" class="method navigator-link" hash-for-method="cancelinCreateNewViewTc31">cancelinCreateNewViewTc31</a> <!-- method navigator-link -->
                      </span>
                      <br/>
                      <span>
                        <img src="passed.png" width="3%"/>
                        <a href="#" panel-name="suite-Suite" title="com.salesforcetest.SalesforceTestAutomation" class="method navigator-link" hash-for-method="checkerrorMessageinContacs30">checkerrorMessageinContacs30</a> <!-- method navigator-link -->
                      </span>
                      <br/>
                      <span>
                        <img src="passed.png" width="3%"/>
                        <a href="#" panel-name="suite-Suite" title="com.salesforcetest.SalesforceTestAutomation" class="method navigator-link" hash-for-method="contactNameInRecentContacs29">contactNameInRecentContacs29</a> <!-- method navigator-link -->
                      </span>
                      <br/>
                      <span>
                        <img src="passed.png" width="3%"/>
                        <a href="#" panel-name="suite-Suite" title="com.salesforcetest.SalesforceTestAutomation" class="method navigator-link" hash-for-method="createNewOptyTc16">createNewOptyTc16</a> <!-- method navigator-link -->
                      </span>
                      <br/>
                      <span>
                        <img src="passed.png" width="3%"/>
                        <a href="#" panel-name="suite-Suite" title="com.salesforcetest.SalesforceTestAutomation" class="method navigator-link" hash-for-method="createNewViewIncontactTc26">createNewViewIncontactTc26</a> <!-- method navigator-link -->
                      </span>
                      <br/>
                      <span>
                        <img src="passed.png" width="3%"/>
                        <a href="#" panel-name="suite-Suite" title="com.salesforcetest.SalesforceTestAutomation" class="method navigator-link" hash-for-method="createNewViewinAccounTc11">createNewViewinAccounTc11</a> <!-- method navigator-link -->
                      </span>
                      <br/>
                      <span>
                        <img src="passed.png" width="3%"/>
                        <a href="#" panel-name="suite-Suite" title="com.salesforcetest.SalesforceTestAutomation" class="method navigator-link" hash-for-method="defaultViewinLeadsTc22">defaultViewinLeadsTc22</a> <!-- method navigator-link -->
                      </span>
                      <br/>
                      <span>
                        <img src="passed.png" width="3%"/>
                        <a href="#" panel-name="suite-Suite" title="com.salesforcetest.SalesforceTestAutomation" class="method navigator-link" hash-for-method="developerConsoleTc8">developerConsoleTc8</a> <!-- method navigator-link -->
                      </span>
                      <br/>
                      <span>
                        <img src="passed.png" width="3%"/>
                        <a href="#" panel-name="suite-Suite" title="com.salesforcetest.SalesforceTestAutomation" class="method navigator-link" hash-for-method="editedLasttnameTc34">editedLasttnameTc34</a> <!-- method navigator-link -->
                      </span>
                      <br/>
                      <span>
                        <img src="passed.png" width="3%"/>
                        <a href="#" panel-name="suite-Suite" title="com.salesforcetest.SalesforceTestAutomation" class="method navigator-link" hash-for-method="forgotPasswordTc4">forgotPasswordTc4</a> <!-- method navigator-link -->
                      </span>
                      <br/>
                      <span>
                        <img src="passed.png" width="3%"/>
                        <a href="#" panel-name="suite-Suite" title="com.salesforcetest.SalesforceTestAutomation" class="method navigator-link" hash-for-method="forgotPasswordTc4a">forgotPasswordTc4a</a> <!-- method navigator-link -->
                      </span>
                      <br/>
                      <span>
                        <img src="passed.png" width="3%"/>
                        <a href="#" panel-name="suite-Suite" title="com.salesforcetest.SalesforceTestAutomation" class="method navigator-link" hash-for-method="leadsDropdown21">leadsDropdown21</a> <!-- method navigator-link -->
                      </span>
                      <br/>
                      <span>
                        <img src="passed.png" width="3%"/>
                        <a href="#" panel-name="suite-Suite" title="com.salesforcetest.SalesforceTestAutomation" class="method navigator-link" hash-for-method="leadsTabTc20">leadsTabTc20</a> <!-- method navigator-link -->
                      </span>
                      <br/>
                      <span>
                        <img src="passed.png" width="3%"/>
                        <a href="#" panel-name="suite-Suite" title="com.salesforcetest.SalesforceTestAutomation" class="method navigator-link" hash-for-method="logout9">logout9</a> <!-- method navigator-link -->
                      </span>
                      <br/>
                      <span>
                        <img src="passed.png" width="3%"/>
                        <a href="#" panel-name="suite-Suite" title="com.salesforcetest.SalesforceTestAutomation" class="method navigator-link" hash-for-method="myContactsViewInTheCorrectPage28">myContactsViewInTheCorrectPage28</a> <!-- method navigator-link -->
                      </span>
                      <br/>
                      <span>
                        <img src="passed.png" width="3%"/>
                        <a href="#" panel-name="suite-Suite" title="com.salesforcetest.SalesforceTestAutomation" class="method navigator-link" hash-for-method="myprofile6">myprofile6</a> <!-- method navigator-link -->
                      </span>
                      <br/>
                      <span>
                        <img src="passed.png" width="3%"/>
                        <a href="#" panel-name="suite-Suite" title="com.salesforcetest.SalesforceTestAutomation" class="method navigator-link" hash-for-method="mysettings7">mysettings7</a> <!-- method navigator-link -->
                      </span>
                      <br/>
                      <span>
                        <img src="passed.png" width="3%"/>
                        <a href="#" panel-name="suite-Suite" title="com.salesforcetest.SalesforceTestAutomation" class="method navigator-link" hash-for-method="newButtonOnLeadsTc24">newButtonOnLeadsTc24</a> <!-- method navigator-link -->
                      </span>
                      <br/>
                      <span>
                        <img src="passed.png" width="3%"/>
                        <a href="#" panel-name="suite-Suite" title="com.salesforcetest.SalesforceTestAutomation" class="method navigator-link" hash-for-method="oppurtunityDropDownTc15">oppurtunityDropDownTc15</a> <!-- method navigator-link -->
                      </span>
                      <br/>
                      <span>
                        <img src="passed.png" width="3%"/>
                        <a href="#" panel-name="suite-Suite" title="com.salesforcetest.SalesforceTestAutomation" class="method navigator-link" hash-for-method="optyyPipelineReportTc17">optyyPipelineReportTc17</a> <!-- method navigator-link -->
                      </span>
                      <br/>
                      <span>
                        <img src="passed.png" width="3%"/>
                        <a href="#" panel-name="suite-Suite" title="com.salesforcetest.SalesforceTestAutomation" class="method navigator-link" hash-for-method="recentlyCreatedcontactTc27">recentlyCreatedcontactTc27</a> <!-- method navigator-link -->
                      </span>
                      <br/>
                      <span>
                        <img src="passed.png" width="3%"/>
                        <a href="#" panel-name="suite-Suite" title="com.salesforcetest.SalesforceTestAutomation" class="method navigator-link" hash-for-method="rememberMeTc3">rememberMeTc3</a> <!-- method navigator-link -->
                      </span>
                      <br/>
                      <span>
                        <img src="passed.png" width="3%"/>
                        <a href="#" panel-name="suite-Suite" title="com.salesforcetest.SalesforceTestAutomation" class="method navigator-link" hash-for-method="salesforceLoginErrorTc1">salesforceLoginErrorTc1</a> <!-- method navigator-link -->
                      </span>
                      <br/>
                      <span>
                        <img src="passed.png" width="3%"/>
                        <a href="#" panel-name="suite-Suite" title="com.salesforcetest.SalesforceTestAutomation" class="method navigator-link" hash-for-method="salesforceLoginTc2">salesforceLoginTc2</a> <!-- method navigator-link -->
                      </span>
                      <br/>
                      <span>
                        <img src="passed.png" width="3%"/>
                        <a href="#" panel-name="suite-Suite" title="com.salesforcetest.SalesforceTestAutomation" class="method navigator-link" hash-for-method="saveAndNewInContactsTc32">saveAndNewInContactsTc32</a> <!-- method navigator-link -->
                      </span>
                      <br/>
                      <span>
                        <img src="passed.png" width="3%"/>
                        <a href="#" panel-name="suite-Suite" title="com.salesforcetest.SalesforceTestAutomation" class="method navigator-link" hash-for-method="testQuarterlySummaryReportTc19">testQuarterlySummaryReportTc19</a> <!-- method navigator-link -->
                      </span>
                      <br/>
                      <span>
                        <img src="passed.png" width="3%"/>
                        <a href="#" panel-name="suite-Suite" title="com.salesforcetest.SalesforceTestAutomation" class="method navigator-link" hash-for-method="todaysLeadsTc23">todaysLeadsTc23</a> <!-- method navigator-link -->
                      </span>
                      <br/>
                      <span>
                        <img src="passed.png" width="3%"/>
                        <a href="#" panel-name="suite-Suite" title="com.salesforcetest.SalesforceTestAutomation" class="method navigator-link" hash-for-method="usermenuDropDownTc5">usermenuDropDownTc5</a> <!-- method navigator-link -->
                      </span>
                      <br/>
                      <span>
                        <img src="passed.png" width="3%"/>
                        <a href="#" panel-name="suite-Suite" title="com.salesforcetest.SalesforceTestAutomation" class="method navigator-link" hash-for-method="verifyFirstnameTc33">verifyFirstnameTc33</a> <!-- method navigator-link -->
                      </span>
                      <br/>
                      <span>
                        <img src="passed.png" width="3%"/>
                        <a href="#" panel-name="suite-Suite" title="com.salesforcetest.SalesforceTestAutomation" class="method navigator-link" hash-for-method="verifyTabCustomizationTc35">verifyTabCustomizationTc35</a> <!-- method navigator-link -->
                      </span>
                      <br/>
                    </div> <!-- method-list-content passed suite-Suite -->
                  </li>
                </ul>
              </div> <!-- suite-section-content -->
            </div> <!-- result-section -->
          </div> <!-- navigator-suite-content -->
        </div> <!-- rounded-window -->
      </div> <!-- suite -->
    </div> <!-- navigator-root -->
    <div class="wrapper">
      <div class="main-panel-root">
        <div panel-name="suite-Suite" class="panel Suite">
          <div class="suite-Suite-class-failed">
            <div class="main-panel-header rounded-window-top">
              <img src="failed.png"/>
              <span class="class-name">com.salesforcetest.SalesforceTestAutomation</span>
            </div> <!-- main-panel-header rounded-window-top -->
            <div class="main-panel-content rounded-window-bottom">
              <div class="method">
                <div class="method-content">
                  <a name="blockingEventInTheCalenderTc36">
                  </a> <!-- blockingEventInTheCalenderTc36 -->
                  <span class="method-name">blockingEventInTheCalenderTc36</span>
                  <div class="stack-trace">java.lang.AssertionError: expected [Calendar for Janani Abcd - Month View] but found [Calendar for Janani Abcd - Day View]
	at com.salesforcetest.SalesforceTestAutomation.blockingEventInTheCalenderTc36(SalesforceTestAutomation.java:1252)
	at java.base/java.util.ArrayList.forEach(ArrayList.java:1511)
... Removed 31 stack frames
</div> <!-- stack-trace -->
                </div> <!-- method-content -->
              </div> <!-- method -->
              <div class="method">
                <div class="method-content">
                  <a name="createAccountReportTc14">
                  </a> <!-- createAccountReportTc14 -->
                  <span class="method-name">createAccountReportTc14</span>
                  <div class="stack-trace">org.openqa.selenium.NoSuchElementException: no such element: Unable to locate element: {&quot;method&quot;:&quot;xpath&quot;,&quot;selector&quot;:&quot;//a[contains(text(),&apos;Accounts with last activity &gt; 30 days&apos;)]&quot;}
  (Session info: chrome=109.0.5414.122)
For documentation on this error, please visit: https://www.seleniumhq.org/exceptions/no_such_element.html
Build info: version: &apos;3.141.59&apos;, revision: &apos;e82be7d358&apos;, time: &apos;2018-11-14T08:17:03&apos;
System info: host: &apos;PEBBLES&apos;, ip: &apos;192.168.1.171&apos;, os.name: &apos;Windows 11&apos;, os.arch: &apos;amd64&apos;, os.version: &apos;10.0&apos;, java.version: &apos;18.0.2&apos;
Driver info: org.openqa.selenium.chrome.ChromeDriver
Capabilities {acceptInsecureCerts: false, browserName: chrome, browserVersion: 109.0.5414.122, chrome: {chromedriverVersion: 109.0.5414.74 (e7c5703604da..., userDataDir: C:\Users\agmarc80\AppData\L...}, goog:chromeOptions: {debuggerAddress: localhost:57943}, javascriptEnabled: true, networkConnectionEnabled: false, pageLoadStrategy: normal, platform: WINDOWS, platformName: WINDOWS, proxy: Proxy(), setWindowRect: true, strictFileInteractability: false, timeouts: {implicit: 0, pageLoad: 300000, script: 30000}, unhandledPromptBehavior: dismiss and notify, webauthn:extension:credBlob: true, webauthn:extension:largeBlob: true, webauthn:virtualAuthenticators: true}
Session ID: bb3c8488a8a9e4626e8d52ca89e30938
*** Element info: {Using=xpath, value=//a[contains(text(),&apos;Accounts with last activity &gt; 30 days&apos;)]}
	at org.openqa.selenium.remote.http.W3CHttpResponseCodec.createException(W3CHttpResponseCodec.java:187)
	at org.openqa.selenium.remote.http.W3CHttpResponseCodec.decode(W3CHttpResponseCodec.java:122)
	at org.openqa.selenium.remote.http.W3CHttpResponseCodec.decode(W3CHttpResponseCodec.java:49)
	at org.openqa.selenium.remote.HttpCommandExecutor.execute(HttpCommandExecutor.java:158)
	at org.openqa.selenium.remote.service.DriverCommandExecutor.execute(DriverCommandExecutor.java:83)
	at org.openqa.selenium.remote.RemoteWebDriver.execute(RemoteWebDriver.java:552)
	at org.openqa.selenium.remote.RemoteWebDriver.findElement(RemoteWebDriver.java:323)
	at org.openqa.selenium.remote.RemoteWebDriver.findElementByXPath(RemoteWebDriver.java:428)
	at org.openqa.selenium.By$ByXPath.findElement(By.java:353)
	at org.openqa.selenium.remote.RemoteWebDriver.findElement(RemoteWebDriver.java:315)
	at com.salesforcetest.SalesforceTestAutomation.createAccountReportTc14(SalesforceTestAutomation.java:534)
	at java.base/java.util.ArrayList.forEach(ArrayList.java:1511)
... Removed 28 stack frames
</div> <!-- stack-trace -->
                </div> <!-- method-content -->
              </div> <!-- method -->
              <div class="method">
                <div class="method-content">
                  <a name="createAccountTc10">
                  </a> <!-- createAccountTc10 -->
                  <span class="method-name">createAccountTc10</span>
                  <div class="stack-trace">org.openqa.selenium.NoSuchElementException: no such element: Unable to locate element: {&quot;method&quot;:&quot;xpath&quot;,&quot;selector&quot;:&quot;//input[@id=&apos;acc2&apos;]&quot;}
  (Session info: chrome=109.0.5414.122)
For documentation on this error, please visit: https://www.seleniumhq.org/exceptions/no_such_element.html
Build info: version: &apos;3.141.59&apos;, revision: &apos;e82be7d358&apos;, time: &apos;2018-11-14T08:17:03&apos;
System info: host: &apos;PEBBLES&apos;, ip: &apos;192.168.1.171&apos;, os.name: &apos;Windows 11&apos;, os.arch: &apos;amd64&apos;, os.version: &apos;10.0&apos;, java.version: &apos;18.0.2&apos;
Driver info: org.openqa.selenium.chrome.ChromeDriver
Capabilities {acceptInsecureCerts: false, browserName: chrome, browserVersion: 109.0.5414.122, chrome: {chromedriverVersion: 109.0.5414.74 (e7c5703604da..., userDataDir: C:\Users\agmarc80\AppData\L...}, goog:chromeOptions: {debuggerAddress: localhost:57992}, javascriptEnabled: true, networkConnectionEnabled: false, pageLoadStrategy: normal, platform: WINDOWS, platformName: WINDOWS, proxy: Proxy(), setWindowRect: true, strictFileInteractability: false, timeouts: {implicit: 0, pageLoad: 300000, script: 30000}, unhandledPromptBehavior: dismiss and notify, webauthn:extension:credBlob: true, webauthn:extension:largeBlob: true, webauthn:virtualAuthenticators: true}
Session ID: 86cf07400d2b7945d6f9b9447fa0d0ac
*** Element info: {Using=xpath, value=//input[@id=&apos;acc2&apos;]}
	at org.openqa.selenium.remote.http.W3CHttpResponseCodec.createException(W3CHttpResponseCodec.java:187)
	at org.openqa.selenium.remote.http.W3CHttpResponseCodec.decode(W3CHttpResponseCodec.java:122)
	at org.openqa.selenium.remote.http.W3CHttpResponseCodec.decode(W3CHttpResponseCodec.java:49)
	at org.openqa.selenium.remote.HttpCommandExecutor.execute(HttpCommandExecutor.java:158)
	at org.openqa.selenium.remote.service.DriverCommandExecutor.execute(DriverCommandExecutor.java:83)
	at org.openqa.selenium.remote.RemoteWebDriver.execute(RemoteWebDriver.java:552)
	at org.openqa.selenium.remote.RemoteWebDriver.findElement(RemoteWebDriver.java:323)
	at org.openqa.selenium.remote.RemoteWebDriver.findElementByXPath(RemoteWebDriver.java:428)
	at org.openqa.selenium.By$ByXPath.findElement(By.java:353)
	at org.openqa.selenium.remote.RemoteWebDriver.findElement(RemoteWebDriver.java:315)
	at com.salesforcetest.SalesforceTestAutomation.createAccountTc10(SalesforceTestAutomation.java:417)
	at java.base/java.util.ArrayList.forEach(ArrayList.java:1511)
... Removed 28 stack frames
</div> <!-- stack-trace -->
                </div> <!-- method-content -->
              </div> <!-- method -->
              <div class="method">
                <div class="method-content">
                  <a name="createNewcontactTc25">
                  </a> <!-- createNewcontactTc25 -->
                  <span class="method-name">createNewcontactTc25</span>
                  <div class="stack-trace">org.openqa.selenium.NoSuchElementException: no such element: Unable to locate element: {&quot;method&quot;:&quot;css selector&quot;,&quot;selector&quot;:&quot;#tryLexDialogX&quot;}
  (Session info: chrome=109.0.5414.122)
For documentation on this error, please visit: https://www.seleniumhq.org/exceptions/no_such_element.html
Build info: version: &apos;3.141.59&apos;, revision: &apos;e82be7d358&apos;, time: &apos;2018-11-14T08:17:03&apos;
System info: host: &apos;PEBBLES&apos;, ip: &apos;192.168.1.171&apos;, os.name: &apos;Windows 11&apos;, os.arch: &apos;amd64&apos;, os.version: &apos;10.0&apos;, java.version: &apos;18.0.2&apos;
Driver info: org.openqa.selenium.chrome.ChromeDriver
Capabilities {acceptInsecureCerts: false, browserName: chrome, browserVersion: 109.0.5414.122, chrome: {chromedriverVersion: 109.0.5414.74 (e7c5703604da..., userDataDir: C:\Users\agmarc80\AppData\L...}, goog:chromeOptions: {debuggerAddress: localhost:58191}, javascriptEnabled: true, networkConnectionEnabled: false, pageLoadStrategy: normal, platform: WINDOWS, platformName: WINDOWS, proxy: Proxy(), setWindowRect: true, strictFileInteractability: false, timeouts: {implicit: 0, pageLoad: 300000, script: 30000}, unhandledPromptBehavior: dismiss and notify, webauthn:extension:credBlob: true, webauthn:extension:largeBlob: true, webauthn:virtualAuthenticators: true}
Session ID: f91ef73141eee1010090b97932a01486
*** Element info: {Using=id, value=tryLexDialogX}
	at org.openqa.selenium.remote.http.W3CHttpResponseCodec.createException(W3CHttpResponseCodec.java:187)
	at org.openqa.selenium.remote.http.W3CHttpResponseCodec.decode(W3CHttpResponseCodec.java:122)
	at org.openqa.selenium.remote.http.W3CHttpResponseCodec.decode(W3CHttpResponseCodec.java:49)
	at org.openqa.selenium.remote.HttpCommandExecutor.execute(HttpCommandExecutor.java:158)
	at org.openqa.selenium.remote.service.DriverCommandExecutor.execute(DriverCommandExecutor.java:83)
	at org.openqa.selenium.remote.RemoteWebDriver.execute(RemoteWebDriver.java:552)
	at org.openqa.selenium.remote.RemoteWebDriver.findElement(RemoteWebDriver.java:323)
	at org.openqa.selenium.remote.RemoteWebDriver.findElementById(RemoteWebDriver.java:372)
	at org.openqa.selenium.By$ById.findElement(By.java:188)
	at org.openqa.selenium.remote.RemoteWebDriver.findElement(RemoteWebDriver.java:315)
	at com.salesforcetest.SalesforceTestAutomation.createNewcontactTc25(SalesforceTestAutomation.java:876)
	at java.base/java.util.ArrayList.forEach(ArrayList.java:1511)
... Removed 28 stack frames
</div> <!-- stack-trace -->
                </div> <!-- method-content -->
              </div> <!-- method -->
              <div class="method">
                <div class="method-content">
                  <a name="editViewTc12">
                  </a> <!-- editViewTc12 -->
                  <span class="method-name">editViewTc12</span>
                  <div class="stack-trace">org.openqa.selenium.NoSuchElementException: no such element: Unable to locate element: {&quot;method&quot;:&quot;css selector&quot;,&quot;selector&quot;:&quot;#username&quot;}
  (Session info: chrome=109.0.5414.122)
For documentation on this error, please visit: https://www.seleniumhq.org/exceptions/no_such_element.html
Build info: version: &apos;3.141.59&apos;, revision: &apos;e82be7d358&apos;, time: &apos;2018-11-14T08:17:03&apos;
System info: host: &apos;PEBBLES&apos;, ip: &apos;192.168.1.171&apos;, os.name: &apos;Windows 11&apos;, os.arch: &apos;amd64&apos;, os.version: &apos;10.0&apos;, java.version: &apos;18.0.2&apos;
Driver info: org.openqa.selenium.chrome.ChromeDriver
Capabilities {acceptInsecureCerts: false, browserName: chrome, browserVersion: 109.0.5414.122, chrome: {chromedriverVersion: 109.0.5414.74 (e7c5703604da..., userDataDir: C:\Users\agmarc80\AppData\L...}, goog:chromeOptions: {debuggerAddress: localhost:58330}, javascriptEnabled: true, networkConnectionEnabled: false, pageLoadStrategy: normal, platform: WINDOWS, platformName: WINDOWS, proxy: Proxy(), setWindowRect: true, strictFileInteractability: false, timeouts: {implicit: 0, pageLoad: 300000, script: 30000}, unhandledPromptBehavior: dismiss and notify, webauthn:extension:credBlob: true, webauthn:extension:largeBlob: true, webauthn:virtualAuthenticators: true}
Session ID: b618946d806cf78376f31ae741d28134
*** Element info: {Using=id, value=username}
	at org.openqa.selenium.remote.http.W3CHttpResponseCodec.createException(W3CHttpResponseCodec.java:187)
	at org.openqa.selenium.remote.http.W3CHttpResponseCodec.decode(W3CHttpResponseCodec.java:122)
	at org.openqa.selenium.remote.http.W3CHttpResponseCodec.decode(W3CHttpResponseCodec.java:49)
	at org.openqa.selenium.remote.HttpCommandExecutor.execute(HttpCommandExecutor.java:158)
	at org.openqa.selenium.remote.service.DriverCommandExecutor.execute(DriverCommandExecutor.java:83)
	at org.openqa.selenium.remote.RemoteWebDriver.execute(RemoteWebDriver.java:552)
	at org.openqa.selenium.remote.RemoteWebDriver.findElement(RemoteWebDriver.java:323)
	at org.openqa.selenium.remote.RemoteWebDriver.findElementById(RemoteWebDriver.java:372)
	at org.openqa.selenium.By$ById.findElement(By.java:188)
	at org.openqa.selenium.remote.RemoteWebDriver.findElement(RemoteWebDriver.java:315)
	at com.base.BaseClass.validLoginMethod(BaseClass.java:84)
	at com.salesforcetest.SalesforceTestAutomation.editViewTc12(SalesforceTestAutomation.java:457)
	at java.base/java.util.ArrayList.forEach(ArrayList.java:1511)
... Removed 28 stack frames
</div> <!-- stack-trace -->
                </div> <!-- method-content -->
              </div> <!-- method -->
              <div class="method">
                <div class="method-content">
                  <a name="mergeAccountsTc13">
                  </a> <!-- mergeAccountsTc13 -->
                  <span class="method-name">mergeAccountsTc13</span>
                  <div class="stack-trace">org.openqa.selenium.NoSuchElementException: no such element: Unable to locate element: {&quot;method&quot;:&quot;xpath&quot;,&quot;selector&quot;:&quot;//input[@id=&apos;acc2&apos;]&quot;}
  (Session info: chrome=109.0.5414.122)
For documentation on this error, please visit: https://www.seleniumhq.org/exceptions/no_such_element.html
Build info: version: &apos;3.141.59&apos;, revision: &apos;e82be7d358&apos;, time: &apos;2018-11-14T08:17:03&apos;
System info: host: &apos;PEBBLES&apos;, ip: &apos;192.168.1.171&apos;, os.name: &apos;Windows 11&apos;, os.arch: &apos;amd64&apos;, os.version: &apos;10.0&apos;, java.version: &apos;18.0.2&apos;
Driver info: org.openqa.selenium.chrome.ChromeDriver
Capabilities {acceptInsecureCerts: false, browserName: chrome, browserVersion: 109.0.5414.122, chrome: {chromedriverVersion: 109.0.5414.74 (e7c5703604da..., userDataDir: C:\Users\agmarc80\AppData\L...}, goog:chromeOptions: {debuggerAddress: localhost:58602}, javascriptEnabled: true, networkConnectionEnabled: false, pageLoadStrategy: normal, platform: WINDOWS, platformName: WINDOWS, proxy: Proxy(), setWindowRect: true, strictFileInteractability: false, timeouts: {implicit: 0, pageLoad: 300000, script: 30000}, unhandledPromptBehavior: dismiss and notify, webauthn:extension:credBlob: true, webauthn:extension:largeBlob: true, webauthn:virtualAuthenticators: true}
Session ID: 6806a5d5e5b2d862567c4c881f4c7f06
*** Element info: {Using=xpath, value=//input[@id=&apos;acc2&apos;]}
	at org.openqa.selenium.remote.http.W3CHttpResponseCodec.createException(W3CHttpResponseCodec.java:187)
	at org.openqa.selenium.remote.http.W3CHttpResponseCodec.decode(W3CHttpResponseCodec.java:122)
	at org.openqa.selenium.remote.http.W3CHttpResponseCodec.decode(W3CHttpResponseCodec.java:49)
	at org.openqa.selenium.remote.HttpCommandExecutor.execute(HttpCommandExecutor.java:158)
	at org.openqa.selenium.remote.service.DriverCommandExecutor.execute(DriverCommandExecutor.java:83)
	at org.openqa.selenium.remote.RemoteWebDriver.execute(RemoteWebDriver.java:552)
	at org.openqa.selenium.remote.RemoteWebDriver.findElement(RemoteWebDriver.java:323)
	at org.openqa.selenium.remote.RemoteWebDriver.findElementByXPath(RemoteWebDriver.java:428)
	at org.openqa.selenium.By$ByXPath.findElement(By.java:353)
	at org.openqa.selenium.remote.RemoteWebDriver.findElement(RemoteWebDriver.java:315)
	at com.salesforcetest.SalesforceTestAutomation.createAccountTc10(SalesforceTestAutomation.java:417)
	at com.salesforcetest.SalesforceTestAutomation.mergeAccountsTc13(SalesforceTestAutomation.java:491)
	at java.base/java.util.ArrayList.forEach(ArrayList.java:1511)
... Removed 28 stack frames
</div> <!-- stack-trace -->
                </div> <!-- method-content -->
              </div> <!-- method -->
              <div class="method">
                <div class="method-content">
                  <a name="stuckOptsReportTc18">
                  </a> <!-- stuckOptsReportTc18 -->
                  <span class="method-name">stuckOptsReportTc18</span>
                  <div class="stack-trace">org.openqa.selenium.NoSuchElementException: no such element: Unable to locate element: {&quot;method&quot;:&quot;css selector&quot;,&quot;selector&quot;:&quot;#tryLexDialogX&quot;}
  (Session info: chrome=109.0.5414.122)
For documentation on this error, please visit: https://www.seleniumhq.org/exceptions/no_such_element.html
Build info: version: &apos;3.141.59&apos;, revision: &apos;e82be7d358&apos;, time: &apos;2018-11-14T08:17:03&apos;
System info: host: &apos;PEBBLES&apos;, ip: &apos;192.168.1.171&apos;, os.name: &apos;Windows 11&apos;, os.arch: &apos;amd64&apos;, os.version: &apos;10.0&apos;, java.version: &apos;18.0.2&apos;
Driver info: org.openqa.selenium.chrome.ChromeDriver
Capabilities {acceptInsecureCerts: false, browserName: chrome, browserVersion: 109.0.5414.122, chrome: {chromedriverVersion: 109.0.5414.74 (e7c5703604da..., userDataDir: C:\Users\agmarc80\AppData\L...}, goog:chromeOptions: {debuggerAddress: localhost:59163}, javascriptEnabled: true, networkConnectionEnabled: false, pageLoadStrategy: normal, platform: WINDOWS, platformName: WINDOWS, proxy: Proxy(), setWindowRect: true, strictFileInteractability: false, timeouts: {implicit: 0, pageLoad: 300000, script: 30000}, unhandledPromptBehavior: dismiss and notify, webauthn:extension:credBlob: true, webauthn:extension:largeBlob: true, webauthn:virtualAuthenticators: true}
Session ID: e606baed88caa10cce73800719031566
*** Element info: {Using=id, value=tryLexDialogX}
	at org.openqa.selenium.remote.http.W3CHttpResponseCodec.createException(W3CHttpResponseCodec.java:187)
	at org.openqa.selenium.remote.http.W3CHttpResponseCodec.decode(W3CHttpResponseCodec.java:122)
	at org.openqa.selenium.remote.http.W3CHttpResponseCodec.decode(W3CHttpResponseCodec.java:49)
	at org.openqa.selenium.remote.HttpCommandExecutor.execute(HttpCommandExecutor.java:158)
	at org.openqa.selenium.remote.service.DriverCommandExecutor.execute(DriverCommandExecutor.java:83)
	at org.openqa.selenium.remote.RemoteWebDriver.execute(RemoteWebDriver.java:552)
	at org.openqa.selenium.remote.RemoteWebDriver.findElement(RemoteWebDriver.java:323)
	at org.openqa.selenium.remote.RemoteWebDriver.findElementById(RemoteWebDriver.java:372)
	at org.openqa.selenium.By$ById.findElement(By.java:188)
	at org.openqa.selenium.remote.RemoteWebDriver.findElement(RemoteWebDriver.java:315)
	at com.salesforcetest.SalesforceTestAutomation.stuckOptsReportTc18(SalesforceTestAutomation.java:669)
	at java.base/java.util.ArrayList.forEach(ArrayList.java:1511)
... Removed 28 stack frames
</div> <!-- stack-trace -->
                </div> <!-- method-content -->
              </div> <!-- method -->
            </div> <!-- main-panel-content rounded-window-bottom -->
          </div> <!-- suite-Suite-class-failed -->
          <div class="suite-Suite-class-passed">
            <div class="main-panel-header rounded-window-top">
              <img src="passed.png"/>
              <span class="class-name">com.salesforcetest.SalesforceTestAutomation</span>
            </div> <!-- main-panel-header rounded-window-top -->
            <div class="main-panel-content rounded-window-bottom">
              <div class="method">
                <div class="method-content">
                  <a name="blockingEventInWeeklyResurrancerTc37">
                  </a> <!-- blockingEventInWeeklyResurrancerTc37 -->
                  <span class="method-name">blockingEventInWeeklyResurrancerTc37</span>
                </div> <!-- method-content -->
              </div> <!-- method -->
              <div class="method">
                <div class="method-content">
                  <a name="cancelinCreateNewViewTc31">
                  </a> <!-- cancelinCreateNewViewTc31 -->
                  <span class="method-name">cancelinCreateNewViewTc31</span>
                </div> <!-- method-content -->
              </div> <!-- method -->
              <div class="method">
                <div class="method-content">
                  <a name="checkerrorMessageinContacs30">
                  </a> <!-- checkerrorMessageinContacs30 -->
                  <span class="method-name">checkerrorMessageinContacs30</span>
                </div> <!-- method-content -->
              </div> <!-- method -->
              <div class="method">
                <div class="method-content">
                  <a name="contactNameInRecentContacs29">
                  </a> <!-- contactNameInRecentContacs29 -->
                  <span class="method-name">contactNameInRecentContacs29</span>
                </div> <!-- method-content -->
              </div> <!-- method -->
              <div class="method">
                <div class="method-content">
                  <a name="createNewOptyTc16">
                  </a> <!-- createNewOptyTc16 -->
                  <span class="method-name">createNewOptyTc16</span>
                </div> <!-- method-content -->
              </div> <!-- method -->
              <div class="method">
                <div class="method-content">
                  <a name="createNewViewIncontactTc26">
                  </a> <!-- createNewViewIncontactTc26 -->
                  <span class="method-name">createNewViewIncontactTc26</span>
                </div> <!-- method-content -->
              </div> <!-- method -->
              <div class="method">
                <div class="method-content">
                  <a name="createNewViewinAccounTc11">
                  </a> <!-- createNewViewinAccounTc11 -->
                  <span class="method-name">createNewViewinAccounTc11</span>
                </div> <!-- method-content -->
              </div> <!-- method -->
              <div class="method">
                <div class="method-content">
                  <a name="defaultViewinLeadsTc22">
                  </a> <!-- defaultViewinLeadsTc22 -->
                  <span class="method-name">defaultViewinLeadsTc22</span>
                </div> <!-- method-content -->
              </div> <!-- method -->
              <div class="method">
                <div class="method-content">
                  <a name="developerConsoleTc8">
                  </a> <!-- developerConsoleTc8 -->
                  <span class="method-name">developerConsoleTc8</span>
                </div> <!-- method-content -->
              </div> <!-- method -->
              <div class="method">
                <div class="method-content">
                  <a name="editedLasttnameTc34">
                  </a> <!-- editedLasttnameTc34 -->
                  <span class="method-name">editedLasttnameTc34</span>
                </div> <!-- method-content -->
              </div> <!-- method -->
              <div class="method">
                <div class="method-content">
                  <a name="forgotPasswordTc4">
                  </a> <!-- forgotPasswordTc4 -->
                  <span class="method-name">forgotPasswordTc4</span>
                </div> <!-- method-content -->
              </div> <!-- method -->
              <div class="method">
                <div class="method-content">
                  <a name="forgotPasswordTc4a">
                  </a> <!-- forgotPasswordTc4a -->
                  <span class="method-name">forgotPasswordTc4a</span>
                </div> <!-- method-content -->
              </div> <!-- method -->
              <div class="method">
                <div class="method-content">
                  <a name="leadsDropdown21">
                  </a> <!-- leadsDropdown21 -->
                  <span class="method-name">leadsDropdown21</span>
                </div> <!-- method-content -->
              </div> <!-- method -->
              <div class="method">
                <div class="method-content">
                  <a name="leadsTabTc20">
                  </a> <!-- leadsTabTc20 -->
                  <span class="method-name">leadsTabTc20</span>
                </div> <!-- method-content -->
              </div> <!-- method -->
              <div class="method">
                <div class="method-content">
                  <a name="logout9">
                  </a> <!-- logout9 -->
                  <span class="method-name">logout9</span>
                </div> <!-- method-content -->
              </div> <!-- method -->
              <div class="method">
                <div class="method-content">
                  <a name="myContactsViewInTheCorrectPage28">
                  </a> <!-- myContactsViewInTheCorrectPage28 -->
                  <span class="method-name">myContactsViewInTheCorrectPage28</span>
                </div> <!-- method-content -->
              </div> <!-- method -->
              <div class="method">
                <div class="method-content">
                  <a name="myprofile6">
                  </a> <!-- myprofile6 -->
                  <span class="method-name">myprofile6</span>
                </div> <!-- method-content -->
              </div> <!-- method -->
              <div class="method">
                <div class="method-content">
                  <a name="mysettings7">
                  </a> <!-- mysettings7 -->
                  <span class="method-name">mysettings7</span>
                </div> <!-- method-content -->
              </div> <!-- method -->
              <div class="method">
                <div class="method-content">
                  <a name="newButtonOnLeadsTc24">
                  </a> <!-- newButtonOnLeadsTc24 -->
                  <span class="method-name">newButtonOnLeadsTc24</span>
                </div> <!-- method-content -->
              </div> <!-- method -->
              <div class="method">
                <div class="method-content">
                  <a name="oppurtunityDropDownTc15">
                  </a> <!-- oppurtunityDropDownTc15 -->
                  <span class="method-name">oppurtunityDropDownTc15</span>
                </div> <!-- method-content -->
              </div> <!-- method -->
              <div class="method">
                <div class="method-content">
                  <a name="optyyPipelineReportTc17">
                  </a> <!-- optyyPipelineReportTc17 -->
                  <span class="method-name">optyyPipelineReportTc17</span>
                </div> <!-- method-content -->
              </div> <!-- method -->
              <div class="method">
                <div class="method-content">
                  <a name="recentlyCreatedcontactTc27">
                  </a> <!-- recentlyCreatedcontactTc27 -->
                  <span class="method-name">recentlyCreatedcontactTc27</span>
                </div> <!-- method-content -->
              </div> <!-- method -->
              <div class="method">
                <div class="method-content">
                  <a name="rememberMeTc3">
                  </a> <!-- rememberMeTc3 -->
                  <span class="method-name">rememberMeTc3</span>
                </div> <!-- method-content -->
              </div> <!-- method -->
              <div class="method">
                <div class="method-content">
                  <a name="salesforceLoginErrorTc1">
                  </a> <!-- salesforceLoginErrorTc1 -->
                  <span class="method-name">salesforceLoginErrorTc1</span>
                </div> <!-- method-content -->
              </div> <!-- method -->
              <div class="method">
                <div class="method-content">
                  <a name="salesforceLoginTc2">
                  </a> <!-- salesforceLoginTc2 -->
                  <span class="method-name">salesforceLoginTc2</span>
                </div> <!-- method-content -->
              </div> <!-- method -->
              <div class="method">
                <div class="method-content">
                  <a name="saveAndNewInContactsTc32">
                  </a> <!-- saveAndNewInContactsTc32 -->
                  <span class="method-name">saveAndNewInContactsTc32</span>
                </div> <!-- method-content -->
              </div> <!-- method -->
              <div class="method">
                <div class="method-content">
                  <a name="testQuarterlySummaryReportTc19">
                  </a> <!-- testQuarterlySummaryReportTc19 -->
                  <span class="method-name">testQuarterlySummaryReportTc19</span>
                </div> <!-- method-content -->
              </div> <!-- method -->
              <div class="method">
                <div class="method-content">
                  <a name="todaysLeadsTc23">
                  </a> <!-- todaysLeadsTc23 -->
                  <span class="method-name">todaysLeadsTc23</span>
                </div> <!-- method-content -->
              </div> <!-- method -->
              <div class="method">
                <div class="method-content">
                  <a name="usermenuDropDownTc5">
                  </a> <!-- usermenuDropDownTc5 -->
                  <span class="method-name">usermenuDropDownTc5</span>
                </div> <!-- method-content -->
              </div> <!-- method -->
              <div class="method">
                <div class="method-content">
                  <a name="verifyFirstnameTc33">
                  </a> <!-- verifyFirstnameTc33 -->
                  <span class="method-name">verifyFirstnameTc33</span>
                </div> <!-- method-content -->
              </div> <!-- method -->
              <div class="method">
                <div class="method-content">
                  <a name="verifyTabCustomizationTc35">
                  </a> <!-- verifyTabCustomizationTc35 -->
                  <span class="method-name">verifyTabCustomizationTc35</span>
                </div> <!-- method-content -->
              </div> <!-- method -->
            </div> <!-- main-panel-content rounded-window-bottom -->
          </div> <!-- suite-Suite-class-passed -->
        </div> <!-- panel Suite -->
        <div panel-name="test-xml-Suite" class="panel">
          <div class="main-panel-header rounded-window-top">
            <span class="header-content">C:\Users\agmarc80\git\repository\salesforcetestFramework\testng.xml</span>
          </div> <!-- main-panel-header rounded-window-top -->
          <div class="main-panel-content rounded-window-bottom">
            <pre>
&lt;?xml version=&quot;1.0&quot; encoding=&quot;UTF-8&quot;?&gt;
&lt;!DOCTYPE suite SYSTEM &quot;https://testng.org/testng-1.0.dtd&quot;&gt;
&lt;suite name=&quot;Suite&quot; guice-stage=&quot;DEVELOPMENT&quot;&gt;
  &lt;test thread-count=&quot;5&quot; name=&quot;chromeTests&quot;&gt;
    &lt;parameter name=&quot;browserName&quot; value=&quot;chrome&quot;/&gt;
    &lt;classes&gt;
      &lt;class name=&quot;com.salesforcetest.SalesforceTestAutomation&quot;/&gt;
    &lt;/classes&gt;
  &lt;/test&gt; &lt;!-- chromeTests --&gt;
&lt;/suite&gt; &lt;!-- Suite --&gt;
            </pre>
          </div> <!-- main-panel-content rounded-window-bottom -->
        </div> <!-- panel -->
        <div panel-name="testlist-Suite" class="panel">
          <div class="main-panel-header rounded-window-top">
            <span class="header-content">Tests for Suite</span>
          </div> <!-- main-panel-header rounded-window-top -->
          <div class="main-panel-content rounded-window-bottom">
            <ul>
              <li>
                <span class="test-name">chromeTests (1 class)</span>
              </li>
            </ul>
          </div> <!-- main-panel-content rounded-window-bottom -->
        </div> <!-- panel -->
        <div panel-name="group-Suite" class="panel">
          <div class="main-panel-header rounded-window-top">
            <span class="header-content">Groups for Suite</span>
          </div> <!-- main-panel-header rounded-window-top -->
          <div class="main-panel-content rounded-window-bottom">
          </div> <!-- main-panel-content rounded-window-bottom -->
        </div> <!-- panel -->
        <div panel-name="times-Suite" class="panel">
          <div class="main-panel-header rounded-window-top">
            <span class="header-content">Times for Suite</span>
          </div> <!-- main-panel-header rounded-window-top -->
          <div class="main-panel-content rounded-window-bottom">
            <div class="times-div">
              <script type="text/javascript">
suiteTableInitFunctions.push('tableData_Suite');
function tableData_Suite() {
var data = new google.visualization.DataTable();
data.addColumn('number', 'Number');
data.addColumn('string', 'Method');
data.addColumn('string', 'Class');
data.addColumn('number', 'Time (ms)');
data.addRows(38);
data.setCell(0, 0, 0)
data.setCell(0, 1, 'myprofile6')
data.setCell(0, 2, 'com.salesforcetest.SalesforceTestAutomation')
data.setCell(0, 3, 72318);
data.setCell(1, 0, 1)
data.setCell(1, 1, 'defaultViewinLeadsTc22')
data.setCell(1, 2, 'com.salesforcetest.SalesforceTestAutomation')
data.setCell(1, 3, 34615);
data.setCell(2, 0, 2)
data.setCell(2, 1, 'salesforceLoginTc2')
data.setCell(2, 2, 'com.salesforcetest.SalesforceTestAutomation')
data.setCell(2, 3, 31822);
data.setCell(3, 0, 3)
data.setCell(3, 1, 'verifyTabCustomizationTc35')
data.setCell(3, 2, 'com.salesforcetest.SalesforceTestAutomation')
data.setCell(3, 3, 28024);
data.setCell(4, 0, 4)
data.setCell(4, 1, 'createNewOptyTc16')
data.setCell(4, 2, 'com.salesforcetest.SalesforceTestAutomation')
data.setCell(4, 3, 26846);
data.setCell(5, 0, 5)
data.setCell(5, 1, 'blockingEventInTheCalenderTc36')
data.setCell(5, 2, 'com.salesforcetest.SalesforceTestAutomation')
data.setCell(5, 3, 25852);
data.setCell(6, 0, 6)
data.setCell(6, 1, 'editedLasttnameTc34')
data.setCell(6, 2, 'com.salesforcetest.SalesforceTestAutomation')
data.setCell(6, 3, 25391);
data.setCell(7, 0, 7)
data.setCell(7, 1, 'mysettings7')
data.setCell(7, 2, 'com.salesforcetest.SalesforceTestAutomation')
data.setCell(7, 3, 24243);
data.setCell(8, 0, 8)
data.setCell(8, 1, 'checkerrorMessageinContacs30')
data.setCell(8, 2, 'com.salesforcetest.SalesforceTestAutomation')
data.setCell(8, 3, 23716);
data.setCell(9, 0, 9)
data.setCell(9, 1, 'contactNameInRecentContacs29')
data.setCell(9, 2, 'com.salesforcetest.SalesforceTestAutomation')
data.setCell(9, 3, 23525);
data.setCell(10, 0, 10)
data.setCell(10, 1, 'todaysLeadsTc23')
data.setCell(10, 2, 'com.salesforcetest.SalesforceTestAutomation')
data.setCell(10, 3, 22746);
data.setCell(11, 0, 11)
data.setCell(11, 1, 'blockingEventInWeeklyResurrancerTc37')
data.setCell(11, 2, 'com.salesforcetest.SalesforceTestAutomation')
data.setCell(11, 3, 22597);
data.setCell(12, 0, 12)
data.setCell(12, 1, 'verifyFirstnameTc33')
data.setCell(12, 2, 'com.salesforcetest.SalesforceTestAutomation')
data.setCell(12, 3, 21587);
data.setCell(13, 0, 13)
data.setCell(13, 1, 'newButtonOnLeadsTc24')
data.setCell(13, 2, 'com.salesforcetest.SalesforceTestAutomation')
data.setCell(13, 3, 20715);
data.setCell(14, 0, 14)
data.setCell(14, 1, 'createNewViewIncontactTc26')
data.setCell(14, 2, 'com.salesforcetest.SalesforceTestAutomation')
data.setCell(14, 3, 20297);
data.setCell(15, 0, 15)
data.setCell(15, 1, 'saveAndNewInContactsTc32')
data.setCell(15, 2, 'com.salesforcetest.SalesforceTestAutomation')
data.setCell(15, 3, 20213);
data.setCell(16, 0, 16)
data.setCell(16, 1, 'testQuarterlySummaryReportTc19')
data.setCell(16, 2, 'com.salesforcetest.SalesforceTestAutomation')
data.setCell(16, 3, 20177);
data.setCell(17, 0, 17)
data.setCell(17, 1, 'cancelinCreateNewViewTc31')
data.setCell(17, 2, 'com.salesforcetest.SalesforceTestAutomation')
data.setCell(17, 3, 17942);
data.setCell(18, 0, 18)
data.setCell(18, 1, 'oppurtunityDropDownTc15')
data.setCell(18, 2, 'com.salesforcetest.SalesforceTestAutomation')
data.setCell(18, 3, 16853);
data.setCell(19, 0, 19)
data.setCell(19, 1, 'createAccountReportTc14')
data.setCell(19, 2, 'com.salesforcetest.SalesforceTestAutomation')
data.setCell(19, 3, 15381);
data.setCell(20, 0, 20)
data.setCell(20, 1, 'stuckOptsReportTc18')
data.setCell(20, 2, 'com.salesforcetest.SalesforceTestAutomation')
data.setCell(20, 3, 14778);
data.setCell(21, 0, 21)
data.setCell(21, 1, 'myContactsViewInTheCorrectPage28')
data.setCell(21, 2, 'com.salesforcetest.SalesforceTestAutomation')
data.setCell(21, 3, 14530);
data.setCell(22, 0, 22)
data.setCell(22, 1, 'recentlyCreatedcontactTc27')
data.setCell(22, 2, 'com.salesforcetest.SalesforceTestAutomation')
data.setCell(22, 3, 14340);
data.setCell(23, 0, 23)
data.setCell(23, 1, 'forgotPasswordTc4a')
data.setCell(23, 2, 'com.salesforcetest.SalesforceTestAutomation')
data.setCell(23, 3, 14296);
data.setCell(24, 0, 24)
data.setCell(24, 1, 'usermenuDropDownTc5')
data.setCell(24, 2, 'com.salesforcetest.SalesforceTestAutomation')
data.setCell(24, 3, 13682);
data.setCell(25, 0, 25)
data.setCell(25, 1, 'createNewViewinAccounTc11')
data.setCell(25, 2, 'com.salesforcetest.SalesforceTestAutomation')
data.setCell(25, 3, 13267);
data.setCell(26, 0, 26)
data.setCell(26, 1, 'optyyPipelineReportTc17')
data.setCell(26, 2, 'com.salesforcetest.SalesforceTestAutomation')
data.setCell(26, 3, 12831);
data.setCell(27, 0, 27)
data.setCell(27, 1, 'leadsTabTc20')
data.setCell(27, 2, 'com.salesforcetest.SalesforceTestAutomation')
data.setCell(27, 3, 11702);
data.setCell(28, 0, 28)
data.setCell(28, 1, 'mergeAccountsTc13')
data.setCell(28, 2, 'com.salesforcetest.SalesforceTestAutomation')
data.setCell(28, 3, 11699);
data.setCell(29, 0, 29)
data.setCell(29, 1, 'leadsDropdown21')
data.setCell(29, 2, 'com.salesforcetest.SalesforceTestAutomation')
data.setCell(29, 3, 10682);
data.setCell(30, 0, 30)
data.setCell(30, 1, 'logout9')
data.setCell(30, 2, 'com.salesforcetest.SalesforceTestAutomation')
data.setCell(30, 3, 10596);
data.setCell(31, 0, 31)
data.setCell(31, 1, 'createNewcontactTc25')
data.setCell(31, 2, 'com.salesforcetest.SalesforceTestAutomation')
data.setCell(31, 3, 10422);
data.setCell(32, 0, 32)
data.setCell(32, 1, 'createAccountTc10')
data.setCell(32, 2, 'com.salesforcetest.SalesforceTestAutomation')
data.setCell(32, 3, 10401);
data.setCell(33, 0, 33)
data.setCell(33, 1, 'developerConsoleTc8')
data.setCell(33, 2, 'com.salesforcetest.SalesforceTestAutomation')
data.setCell(33, 3, 9608);
data.setCell(34, 0, 34)
data.setCell(34, 1, 'rememberMeTc3')
data.setCell(34, 2, 'com.salesforcetest.SalesforceTestAutomation')
data.setCell(34, 3, 6919);
data.setCell(35, 0, 35)
data.setCell(35, 1, 'salesforceLoginErrorTc1')
data.setCell(35, 2, 'com.salesforcetest.SalesforceTestAutomation')
data.setCell(35, 3, 2184);
data.setCell(36, 0, 36)
data.setCell(36, 1, 'forgotPasswordTc4')
data.setCell(36, 2, 'com.salesforcetest.SalesforceTestAutomation')
data.setCell(36, 3, 1036);
data.setCell(37, 0, 37)
data.setCell(37, 1, 'editViewTc12')
data.setCell(37, 2, 'com.salesforcetest.SalesforceTestAutomation')
data.setCell(37, 3, 26);
window.suiteTableData['Suite']= { tableData: data, tableDiv: 'times-div-Suite'}
return data;
}
              </script>
              <span class="suite-total-time">Total running time: 11 minutes</span>
              <div id="times-div-Suite">
              </div> <!-- times-div-Suite -->
            </div> <!-- times-div -->
          </div> <!-- main-panel-content rounded-window-bottom -->
        </div> <!-- panel -->
        <div panel-name="reporter-Suite" class="panel">
          <div class="main-panel-header rounded-window-top">
            <span class="header-content">Reporter output for Suite</span>
          </div> <!-- main-panel-header rounded-window-top -->
          <div class="main-panel-content rounded-window-bottom">
          </div> <!-- main-panel-content rounded-window-bottom -->
        </div> <!-- panel -->
        <div panel-name="ignored-methods-Suite" class="panel">
          <div class="main-panel-header rounded-window-top">
            <span class="header-content">0 ignored methods</span>
          </div> <!-- main-panel-header rounded-window-top -->
          <div class="main-panel-content rounded-window-bottom">
          </div> <!-- main-panel-content rounded-window-bottom -->
        </div> <!-- panel -->
        <div panel-name="chronological-Suite" class="panel">
          <div class="main-panel-header rounded-window-top">
            <span class="header-content">Methods in chronological order</span>
          </div> <!-- main-panel-header rounded-window-top -->
          <div class="main-panel-content rounded-window-bottom">
            <div class="chronological-class">
              <div class="chronological-class-name">com.salesforcetest.SalesforceTestAutomation</div> <!-- chronological-class-name -->
              <div class="configuration-test before">
                <span class="method-name">setUpBeforeTest</span>
                <span class="method-start">0 ms</span>
              </div> <!-- configuration-test before -->
              <div class="configuration-method before">
                <span class="method-name">setupBeforeTestMethod(chrome)</span>
                <span class="method-start">300 ms</span>
              </div> <!-- configuration-method before -->
              <div class="test-method">
                <img src="failed.png">
                </img>
                <span class="method-name">blockingEventInTheCalenderTc36</span>
                <span class="method-start">4118 ms</span>
              </div> <!-- test-method -->
              <div class="configuration-method after">
                <span class="method-name">AfterTearDownMethod</span>
                <span class="method-start">30275 ms</span>
              </div> <!-- configuration-method after -->
              <div class="configuration-method before">
                <span class="method-name">setupBeforeTestMethod(chrome)</span>
                <span class="method-start">30807 ms</span>
              </div> <!-- configuration-method before -->
              <div class="test-method">
                <span class="method-name">blockingEventInWeeklyResurrancerTc37</span>
                <span class="method-start">34322 ms</span>
              </div> <!-- test-method -->
              <div class="configuration-method after">
                <span class="method-name">AfterTearDownMethod</span>
                <span class="method-start">56920 ms</span>
              </div> <!-- configuration-method after -->
              <div class="configuration-method before">
                <span class="method-name">setupBeforeTestMethod(chrome)</span>
                <span class="method-start">57474 ms</span>
              </div> <!-- configuration-method before -->
              <div class="test-method">
                <span class="method-name">cancelinCreateNewViewTc31</span>
                <span class="method-start">60513 ms</span>
              </div> <!-- test-method -->
              <div class="configuration-method after">
                <span class="method-name">AfterTearDownMethod</span>
                <span class="method-start">78456 ms</span>
              </div> <!-- configuration-method after -->
              <div class="configuration-method before">
                <span class="method-name">setupBeforeTestMethod(chrome)</span>
                <span class="method-start">78649 ms</span>
              </div> <!-- configuration-method before -->
              <div class="test-method">
                <span class="method-name">checkerrorMessageinContacs30</span>
                <span class="method-start">82623 ms</span>
              </div> <!-- test-method -->
              <div class="configuration-method after">
                <span class="method-name">AfterTearDownMethod</span>
                <span class="method-start">106340 ms</span>
              </div> <!-- configuration-method after -->
              <div class="configuration-method before">
                <span class="method-name">setupBeforeTestMethod(chrome)</span>
                <span class="method-start">106870 ms</span>
              </div> <!-- configuration-method before -->
              <div class="test-method">
                <span class="method-name">contactNameInRecentContacs29</span>
                <span class="method-start">110151 ms</span>
              </div> <!-- test-method -->
              <div class="configuration-method after">
                <span class="method-name">AfterTearDownMethod</span>
                <span class="method-start">133678 ms</span>
              </div> <!-- configuration-method after -->
              <div class="configuration-method before">
                <span class="method-name">setupBeforeTestMethod(chrome)</span>
                <span class="method-start">133910 ms</span>
              </div> <!-- configuration-method before -->
              <div class="test-method">
                <img src="failed.png">
                </img>
                <span class="method-name">createAccountReportTc14</span>
                <span class="method-start">137548 ms</span>
              </div> <!-- test-method -->
              <div class="configuration-method after">
                <span class="method-name">AfterTearDownMethod</span>
                <span class="method-start">153139 ms</span>
              </div> <!-- configuration-method after -->
              <div class="configuration-method before">
                <span class="method-name">setupBeforeTestMethod(chrome)</span>
                <span class="method-start">153556 ms</span>
              </div> <!-- configuration-method before -->
              <div class="test-method">
                <img src="failed.png">
                </img>
                <span class="method-name">createAccountTc10</span>
                <span class="method-start">157693 ms</span>
              </div> <!-- test-method -->
              <div class="configuration-method after">
                <span class="method-name">AfterTearDownMethod</span>
                <span class="method-start">168625 ms</span>
              </div> <!-- configuration-method after -->
              <div class="configuration-method before">
                <span class="method-name">setupBeforeTestMethod(chrome)</span>
                <span class="method-start">168852 ms</span>
              </div> <!-- configuration-method before -->
              <div class="test-method">
                <span class="method-name">createNewOptyTc16</span>
                <span class="method-start">172602 ms</span>
              </div> <!-- test-method -->
              <div class="configuration-method after">
                <span class="method-name">AfterTearDownMethod</span>
                <span class="method-start">199450 ms</span>
              </div> <!-- configuration-method after -->
              <div class="configuration-method before">
                <span class="method-name">setupBeforeTestMethod(chrome)</span>
                <span class="method-start">199605 ms</span>
              </div> <!-- configuration-method before -->
              <div class="test-method">
                <span class="method-name">createNewViewIncontactTc26</span>
                <span class="method-start">203629 ms</span>
              </div> <!-- test-method -->
              <div class="configuration-method after">
                <span class="method-name">AfterTearDownMethod</span>
                <span class="method-start">223926 ms</span>
              </div> <!-- configuration-method after -->
              <div class="configuration-method before">
                <span class="method-name">setupBeforeTestMethod(chrome)</span>
                <span class="method-start">224474 ms</span>
              </div> <!-- configuration-method before -->
              <div class="test-method">
                <span class="method-name">createNewViewinAccounTc11</span>
                <span class="method-start">227646 ms</span>
              </div> <!-- test-method -->
              <div class="configuration-method after">
                <span class="method-name">AfterTearDownMethod</span>
                <span class="method-start">240913 ms</span>
              </div> <!-- configuration-method after -->
              <div class="configuration-method before">
                <span class="method-name">setupBeforeTestMethod(chrome)</span>
                <span class="method-start">241410 ms</span>
              </div> <!-- configuration-method before -->
              <div class="test-method">
                <img src="failed.png">
                </img>
                <span class="method-name">createNewcontactTc25</span>
                <span class="method-start">244587 ms</span>
              </div> <!-- test-method -->
              <div class="configuration-method after">
                <span class="method-name">AfterTearDownMethod</span>
                <span class="method-start">255225 ms</span>
              </div> <!-- configuration-method after -->
              <div class="configuration-method before">
                <span class="method-name">setupBeforeTestMethod(chrome)</span>
                <span class="method-start">255621 ms</span>
              </div> <!-- configuration-method before -->
              <div class="test-method">
                <span class="method-name">defaultViewinLeadsTc22</span>
                <span class="method-start">259348 ms</span>
              </div> <!-- test-method -->
              <div class="configuration-method after">
                <span class="method-name">AfterTearDownMethod</span>
                <span class="method-start">293965 ms</span>
              </div> <!-- configuration-method after -->
              <div class="configuration-method before">
                <span class="method-name">setupBeforeTestMethod(chrome)</span>
                <span class="method-start">294301 ms</span>
              </div> <!-- configuration-method before -->
              <div class="test-method">
                <span class="method-name">developerConsoleTc8</span>
                <span class="method-start">297550 ms</span>
              </div> <!-- test-method -->
              <div class="configuration-method after">
                <span class="method-name">AfterTearDownMethod</span>
                <span class="method-start">307158 ms</span>
              </div> <!-- configuration-method after -->
              <div class="configuration-method before">
                <span class="method-name">setupBeforeTestMethod(chrome)</span>
                <span class="method-start">307686 ms</span>
              </div> <!-- configuration-method before -->
              <div class="test-method">
                <img src="failed.png">
                </img>
                <span class="method-name">editViewTc12</span>
                <span class="method-start">339485 ms</span>
              </div> <!-- test-method -->
              <div class="configuration-method after">
                <span class="method-name">AfterTearDownMethod</span>
                <span class="method-start">339743 ms</span>
              </div> <!-- configuration-method after -->
              <div class="configuration-method before">
                <span class="method-name">setupBeforeTestMethod(chrome)</span>
                <span class="method-start">340114 ms</span>
              </div> <!-- configuration-method before -->
              <div class="test-method">
                <span class="method-name">editedLasttnameTc34</span>
                <span class="method-start">343752 ms</span>
              </div> <!-- test-method -->
              <div class="configuration-method after">
                <span class="method-name">AfterTearDownMethod</span>
                <span class="method-start">369144 ms</span>
              </div> <!-- configuration-method after -->
              <div class="configuration-method before">
                <span class="method-name">setupBeforeTestMethod(chrome)</span>
                <span class="method-start">369635 ms</span>
              </div> <!-- configuration-method before -->
              <div class="test-method">
                <span class="method-name">forgotPasswordTc4</span>
                <span class="method-start">372815 ms</span>
              </div> <!-- test-method -->
              <div class="configuration-method after">
                <span class="method-name">AfterTearDownMethod</span>
                <span class="method-start">373852 ms</span>
              </div> <!-- configuration-method after -->
              <div class="configuration-method before">
                <span class="method-name">setupBeforeTestMethod(chrome)</span>
                <span class="method-start">374345 ms</span>
              </div> <!-- configuration-method before -->
              <div class="test-method">
                <span class="method-name">forgotPasswordTc4a</span>
                <span class="method-start">377707 ms</span>
              </div> <!-- test-method -->
              <div class="configuration-method after">
                <span class="method-name">AfterTearDownMethod</span>
                <span class="method-start">392003 ms</span>
              </div> <!-- configuration-method after -->
              <div class="configuration-method before">
                <span class="method-name">setupBeforeTestMethod(chrome)</span>
                <span class="method-start">392481 ms</span>
              </div> <!-- configuration-method before -->
              <div class="test-method">
                <span class="method-name">leadsDropdown21</span>
                <span class="method-start">395088 ms</span>
              </div> <!-- test-method -->
              <div class="configuration-method after">
                <span class="method-name">AfterTearDownMethod</span>
                <span class="method-start">405770 ms</span>
              </div> <!-- configuration-method after -->
              <div class="configuration-method before">
                <span class="method-name">setupBeforeTestMethod(chrome)</span>
                <span class="method-start">406697 ms</span>
              </div> <!-- configuration-method before -->
              <div class="test-method">
                <span class="method-name">leadsTabTc20</span>
                <span class="method-start">409774 ms</span>
              </div> <!-- test-method -->
              <div class="configuration-method after">
                <span class="method-name">AfterTearDownMethod</span>
                <span class="method-start">421478 ms</span>
              </div> <!-- configuration-method after -->
              <div class="configuration-method before">
                <span class="method-name">setupBeforeTestMethod(chrome)</span>
                <span class="method-start">422112 ms</span>
              </div> <!-- configuration-method before -->
              <div class="test-method">
                <span class="method-name">logout9</span>
                <span class="method-start">425118 ms</span>
              </div> <!-- test-method -->
              <div class="configuration-method after">
                <span class="method-name">AfterTearDownMethod</span>
                <span class="method-start">435715 ms</span>
              </div> <!-- configuration-method after -->
              <div class="configuration-method before">
                <span class="method-name">setupBeforeTestMethod(chrome)</span>
                <span class="method-start">436080 ms</span>
              </div> <!-- configuration-method before -->
              <div class="test-method">
                <img src="failed.png">
                </img>
                <span class="method-name">mergeAccountsTc13</span>
                <span class="method-start">438602 ms</span>
              </div> <!-- test-method -->
              <div class="configuration-method after">
                <span class="method-name">AfterTearDownMethod</span>
                <span class="method-start">450446 ms</span>
              </div> <!-- configuration-method after -->
              <div class="configuration-method before">
                <span class="method-name">setupBeforeTestMethod(chrome)</span>
                <span class="method-start">450650 ms</span>
              </div> <!-- configuration-method before -->
              <div class="test-method">
                <span class="method-name">myContactsViewInTheCorrectPage28</span>
                <span class="method-start">453866 ms</span>
              </div> <!-- test-method -->
              <div class="configuration-method after">
                <span class="method-name">AfterTearDownMethod</span>
                <span class="method-start">468396 ms</span>
              </div> <!-- configuration-method after -->
              <div class="configuration-method before">
                <span class="method-name">setupBeforeTestMethod(chrome)</span>
                <span class="method-start">469195 ms</span>
              </div> <!-- configuration-method before -->
              <div class="test-method">
                <span class="method-name">myprofile6</span>
                <span class="method-start">472848 ms</span>
              </div> <!-- test-method -->
              <div class="configuration-method after">
                <span class="method-name">AfterTearDownMethod</span>
                <span class="method-start">545168 ms</span>
              </div> <!-- configuration-method after -->
              <div class="configuration-method before">
                <span class="method-name">setupBeforeTestMethod(chrome)</span>
                <span class="method-start">545255 ms</span>
              </div> <!-- configuration-method before -->
              <div class="test-method">
                <span class="method-name">mysettings7</span>
                <span class="method-start">548864 ms</span>
              </div> <!-- test-method -->
              <div class="configuration-method after">
                <span class="method-name">AfterTearDownMethod</span>
                <span class="method-start">573109 ms</span>
              </div> <!-- configuration-method after -->
              <div class="configuration-method before">
                <span class="method-name">setupBeforeTestMethod(chrome)</span>
                <span class="method-start">573692 ms</span>
              </div> <!-- configuration-method before -->
              <div class="test-method">
                <span class="method-name">newButtonOnLeadsTc24</span>
                <span class="method-start">576724 ms</span>
              </div> <!-- test-method -->
              <div class="configuration-method after">
                <span class="method-name">AfterTearDownMethod</span>
                <span class="method-start">597440 ms</span>
              </div> <!-- configuration-method after -->
              <div class="configuration-method before">
                <span class="method-name">setupBeforeTestMethod(chrome)</span>
                <span class="method-start">598986 ms</span>
              </div> <!-- configuration-method before -->
              <div class="test-method">
                <span class="method-name">oppurtunityDropDownTc15</span>
                <span class="method-start">602685 ms</span>
              </div> <!-- test-method -->
              <div class="configuration-method after">
                <span class="method-name">AfterTearDownMethod</span>
                <span class="method-start">619538 ms</span>
              </div> <!-- configuration-method after -->
              <div class="configuration-method before">
                <span class="method-name">setupBeforeTestMethod(chrome)</span>
                <span class="method-start">620274 ms</span>
              </div> <!-- configuration-method before -->
              <div class="test-method">
                <span class="method-name">optyyPipelineReportTc17</span>
                <span class="method-start">624168 ms</span>
              </div> <!-- test-method -->
              <div class="configuration-method after">
                <span class="method-name">AfterTearDownMethod</span>
                <span class="method-start">637000 ms</span>
              </div> <!-- configuration-method after -->
              <div class="configuration-method before">
                <span class="method-name">setupBeforeTestMethod(chrome)</span>
                <span class="method-start">638264 ms</span>
              </div> <!-- configuration-method before -->
              <div class="test-method">
                <span class="method-name">recentlyCreatedcontactTc27</span>
                <span class="method-start">641706 ms</span>
              </div> <!-- test-method -->
              <div class="configuration-method after">
                <span class="method-name">AfterTearDownMethod</span>
                <span class="method-start">656046 ms</span>
              </div> <!-- configuration-method after -->
              <div class="configuration-method before">
                <span class="method-name">setupBeforeTestMethod(chrome)</span>
                <span class="method-start">656665 ms</span>
              </div> <!-- configuration-method before -->
              <div class="test-method">
                <span class="method-name">rememberMeTc3</span>
                <span class="method-start">661774 ms</span>
              </div> <!-- test-method -->
              <div class="configuration-method after">
                <span class="method-name">AfterTearDownMethod</span>
                <span class="method-start">668694 ms</span>
              </div> <!-- configuration-method after -->
              <div class="configuration-method before">
                <span class="method-name">setupBeforeTestMethod(chrome)</span>
                <span class="method-start">669345 ms</span>
              </div> <!-- configuration-method before -->
              <div class="test-method">
                <span class="method-name">salesforceLoginErrorTc1</span>
                <span class="method-start">673765 ms</span>
              </div> <!-- test-method -->
              <div class="configuration-method after">
                <span class="method-name">AfterTearDownMethod</span>
                <span class="method-start">675951 ms</span>
              </div> <!-- configuration-method after -->
              <div class="configuration-method before">
                <span class="method-name">setupBeforeTestMethod(chrome)</span>
                <span class="method-start">676486 ms</span>
              </div> <!-- configuration-method before -->
              <div class="test-method">
                <span class="method-name">salesforceLoginTc2</span>
                <span class="method-start">680829 ms</span>
              </div> <!-- test-method -->
              <div class="configuration-method after">
                <span class="method-name">AfterTearDownMethod</span>
                <span class="method-start">712652 ms</span>
              </div> <!-- configuration-method after -->
              <div class="configuration-method before">
                <span class="method-name">setupBeforeTestMethod(chrome)</span>
                <span class="method-start">715212 ms</span>
              </div> <!-- configuration-method before -->
              <div class="test-method">
                <span class="method-name">saveAndNewInContactsTc32</span>
                <span class="method-start">719348 ms</span>
              </div> <!-- test-method -->
              <div class="configuration-method after">
                <span class="method-name">AfterTearDownMethod</span>
                <span class="method-start">739569 ms</span>
              </div> <!-- configuration-method after -->
              <div class="configuration-method before">
                <span class="method-name">setupBeforeTestMethod(chrome)</span>
                <span class="method-start">742342 ms</span>
              </div> <!-- configuration-method before -->
              <div class="test-method">
                <img src="failed.png">
                </img>
                <span class="method-name">stuckOptsReportTc18</span>
                <span class="method-start">747406 ms</span>
              </div> <!-- test-method -->
              <div class="configuration-method after">
                <span class="method-name">AfterTearDownMethod</span>
                <span class="method-start">762502 ms</span>
              </div> <!-- configuration-method after -->
              <div class="configuration-method before">
                <span class="method-name">setupBeforeTestMethod(chrome)</span>
                <span class="method-start">763395 ms</span>
              </div> <!-- configuration-method before -->
              <div class="test-method">
                <span class="method-name">testQuarterlySummaryReportTc19</span>
                <span class="method-start">768615 ms</span>
              </div> <!-- test-method -->
              <div class="configuration-method after">
                <span class="method-name">AfterTearDownMethod</span>
                <span class="method-start">788793 ms</span>
              </div> <!-- configuration-method after -->
              <div class="configuration-method before">
                <span class="method-name">setupBeforeTestMethod(chrome)</span>
                <span class="method-start">788947 ms</span>
              </div> <!-- configuration-method before -->
              <div class="test-method">
                <span class="method-name">todaysLeadsTc23</span>
                <span class="method-start">793660 ms</span>
              </div> <!-- test-method -->
              <div class="configuration-method after">
                <span class="method-name">AfterTearDownMethod</span>
                <span class="method-start">816407 ms</span>
              </div> <!-- configuration-method after -->
              <div class="configuration-method before">
                <span class="method-name">setupBeforeTestMethod(chrome)</span>
                <span class="method-start">818342 ms</span>
              </div> <!-- configuration-method before -->
              <div class="test-method">
                <span class="method-name">usermenuDropDownTc5</span>
                <span class="method-start">822730 ms</span>
              </div> <!-- test-method -->
              <div class="configuration-method after">
                <span class="method-name">AfterTearDownMethod</span>
                <span class="method-start">836413 ms</span>
              </div> <!-- configuration-method after -->
              <div class="configuration-method before">
                <span class="method-name">setupBeforeTestMethod(chrome)</span>
                <span class="method-start">837270 ms</span>
              </div> <!-- configuration-method before -->
              <div class="test-method">
                <span class="method-name">verifyFirstnameTc33</span>
                <span class="method-start">841225 ms</span>
              </div> <!-- test-method -->
              <div class="configuration-method after">
                <span class="method-name">AfterTearDownMethod</span>
                <span class="method-start">862812 ms</span>
              </div> <!-- configuration-method after -->
              <div class="configuration-method before">
                <span class="method-name">setupBeforeTestMethod(chrome)</span>
                <span class="method-start">862891 ms</span>
              </div> <!-- configuration-method before -->
              <div class="test-method">
                <span class="method-name">verifyTabCustomizationTc35</span>
                <span class="method-start">866558 ms</span>
              </div> <!-- test-method -->
              <div class="configuration-method after">
                <span class="method-name">AfterTearDownMethod</span>
                <span class="method-start">894582 ms</span>
              </div> <!-- configuration-method after -->
          </div> <!-- main-panel-content rounded-window-bottom -->
        </div> <!-- panel -->
      </div> <!-- main-panel-root -->
    </div> <!-- wrapper -->
  </body>
<script type="text/javascript" src="testng-reports2.js"></script>
</html>
